{"C:\\Users\\user\\Documents\\Kata\\react2\\jobs\\src\\App.tsx": {"path":"C:\\Users\\user\\Documents\\Kata\\react2\\jobs\\src\\App.tsx","all":false,"statementMap":{"0":{"start":{"line":1,"column":0},"end":{"line":1,"column":34}},"1":{"start":{"line":2,"column":0},"end":{"line":2,"column":58}},"2":{"start":{"line":3,"column":0},"end":{"line":3,"column":32}},"3":{"start":{"line":4,"column":0},"end":{"line":4,"column":42}},"4":{"start":{"line":5,"column":0},"end":{"line":5,"column":38}},"5":{"start":{"line":6,"column":0},"end":{"line":6,"column":52}},"6":{"start":{"line":7,"column":0},"end":{"line":7,"column":49}},"8":{"start":{"line":9,"column":0},"end":{"line":9,"column":16}},"9":{"start":{"line":10,"column":0},"end":{"line":10,"column":36}},"10":{"start":{"line":11,"column":0},"end":{"line":11,"column":19}},"11":{"start":{"line":12,"column":0},"end":{"line":12,"column":31}},"12":{"start":{"line":13,"column":0},"end":{"line":13,"column":9}},"13":{"start":{"line":14,"column":0},"end":{"line":14,"column":10}},"14":{"start":{"line":15,"column":0},"end":{"line":15,"column":35}},"15":{"start":{"line":16,"column":0},"end":{"line":16,"column":49}},"16":{"start":{"line":17,"column":0},"end":{"line":17,"column":18}},"17":{"start":{"line":18,"column":0},"end":{"line":18,"column":16}},"18":{"start":{"line":19,"column":0},"end":{"line":19,"column":17}},"19":{"start":{"line":20,"column":0},"end":{"line":20,"column":22}},"21":{"start":{"line":22,"column":0},"end":{"line":22,"column":1}},"23":{"start":{"line":24,"column":0},"end":{"line":24,"column":19}}},"s":{"0":1,"1":1,"2":1,"3":1,"4":1,"5":1,"6":1,"8":7,"9":7,"10":7,"11":7,"12":7,"13":7,"14":7,"15":7,"16":7,"17":7,"18":7,"19":7,"21":7,"23":1},"branchMap":{"0":{"type":"branch","line":9,"loc":{"start":{"line":9,"column":0},"end":{"line":22,"column":1}},"locations":[{"start":{"line":9,"column":0},"end":{"line":22,"column":1}}]},"1":{"type":"branch","line":11,"loc":{"start":{"line":11,"column":12},"end":{"line":13,"column":5}},"locations":[{"start":{"line":11,"column":12},"end":{"line":13,"column":5}}]}},"b":{"0":[7],"1":[7]},"fnMap":{"0":{"name":"App","decl":{"start":{"line":9,"column":0},"end":{"line":22,"column":1}},"loc":{"start":{"line":9,"column":0},"end":{"line":22,"column":1}},"line":9}},"f":{"0":7}}
,"C:\\Users\\user\\Documents\\Kata\\react2\\jobs\\src\\main.tsx": {"path":"C:\\Users\\user\\Documents\\Kata\\react2\\jobs\\src\\main.tsx","all":true,"statementMap":{"0":{"start":{"line":1,"column":0},"end":{"line":1,"column":35}},"1":{"start":{"line":2,"column":0},"end":{"line":2,"column":46}},"2":{"start":{"line":3,"column":0},"end":{"line":3,"column":28}},"3":{"start":{"line":4,"column":0},"end":{"line":4,"column":23}},"4":{"start":{"line":5,"column":0},"end":{"line":5,"column":34}},"5":{"start":{"line":6,"column":0},"end":{"line":6,"column":39}},"6":{"start":{"line":7,"column":0},"end":{"line":7,"column":35}},"8":{"start":{"line":9,"column":0},"end":{"line":9,"column":52}},"9":{"start":{"line":10,"column":0},"end":{"line":10,"column":14}},"10":{"start":{"line":11,"column":0},"end":{"line":11,"column":28}},"11":{"start":{"line":12,"column":0},"end":{"line":12,"column":13}},"12":{"start":{"line":13,"column":0},"end":{"line":13,"column":15}},"13":{"start":{"line":14,"column":0},"end":{"line":14,"column":15}},"14":{"start":{"line":15,"column":0},"end":{"line":15,"column":2}}},"s":{"0":0,"1":0,"2":0,"3":0,"4":0,"5":0,"6":0,"8":0,"9":0,"10":0,"11":0,"12":0,"13":0,"14":0},"branchMap":{"0":{"type":"branch","line":1,"loc":{"start":{"line":1,"column":393},"end":{"line":15,"column":2}},"locations":[{"start":{"line":1,"column":393},"end":{"line":15,"column":2}}]}},"b":{"0":[0]},"fnMap":{"0":{"name":"(empty-report)","decl":{"start":{"line":1,"column":393},"end":{"line":15,"column":2}},"loc":{"start":{"line":1,"column":393},"end":{"line":15,"column":2}},"line":1}},"f":{"0":0}}
,"C:\\Users\\user\\Documents\\Kata\\react2\\jobs\\src\\store.ts": {"path":"C:\\Users\\user\\Documents\\Kata\\react2\\jobs\\src\\store.ts","all":false,"statementMap":{"0":{"start":{"line":1,"column":0},"end":{"line":1,"column":50}},"3":{"start":{"line":4,"column":0},"end":{"line":4,"column":37}},"4":{"start":{"line":5,"column":0},"end":{"line":5,"column":12}},"5":{"start":{"line":6,"column":0},"end":{"line":6,"column":38}},"6":{"start":{"line":7,"column":0},"end":{"line":7,"column":44}},"7":{"start":{"line":8,"column":0},"end":{"line":8,"column":4}},"8":{"start":{"line":9,"column":0},"end":{"line":9,"column":3}}},"s":{"0":1,"3":1,"4":1,"5":1,"6":1,"7":1,"8":1},"branchMap":{},"b":{},"fnMap":{},"f":{}}
,"C:\\Users\\user\\Documents\\Kata\\react2\\jobs\\src\\types.ts": {"path":"C:\\Users\\user\\Documents\\Kata\\react2\\jobs\\src\\types.ts","all":false,"statementMap":{"39":{"start":{"line":40,"column":0},"end":{"line":40,"column":18}},"40":{"start":{"line":41,"column":0},"end":{"line":41,"column":20}},"41":{"start":{"line":42,"column":0},"end":{"line":42,"column":26}},"42":{"start":{"line":43,"column":0},"end":{"line":43,"column":21}}},"s":{"39":1,"40":1,"41":1,"42":1},"branchMap":{"0":{"type":"branch","line":40,"loc":{"start":{"line":40,"column":7},"end":{"line":40,"column":18}},"locations":[{"start":{"line":40,"column":7},"end":{"line":40,"column":18}}]}},"b":{"0":[1]},"fnMap":{},"f":{}}
,"C:\\Users\\user\\Documents\\Kata\\react2\\jobs\\src\\api\\constants.ts": {"path":"C:\\Users\\user\\Documents\\Kata\\react2\\jobs\\src\\api\\constants.ts","all":false,"statementMap":{"0":{"start":{"line":1,"column":0},"end":{"line":1,"column":43}}},"s":{"0":1},"branchMap":{},"b":{},"fnMap":{},"f":{}}
,"C:\\Users\\user\\Documents\\Kata\\react2\\jobs\\src\\api\\getVacancies.ts": {"path":"C:\\Users\\user\\Documents\\Kata\\react2\\jobs\\src\\api\\getVacancies.ts","all":false,"statementMap":{"0":{"start":{"line":1,"column":0},"end":{"line":1,"column":20}},"5":{"start":{"line":6,"column":0},"end":{"line":6,"column":73}},"6":{"start":{"line":7,"column":0},"end":{"line":7,"column":15}},"7":{"start":{"line":8,"column":0},"end":{"line":8,"column":45}},"8":{"start":{"line":9,"column":0},"end":{"line":9,"column":44}},"9":{"start":{"line":10,"column":0},"end":{"line":10,"column":43}},"10":{"start":{"line":11,"column":0},"end":{"line":11,"column":53}},"11":{"start":{"line":12,"column":0},"end":{"line":12,"column":72}},"13":{"start":{"line":14,"column":0},"end":{"line":14,"column":16}},"14":{"start":{"line":15,"column":0},"end":{"line":15,"column":41}},"15":{"start":{"line":16,"column":0},"end":{"line":16,"column":66}},"17":{"start":{"line":18,"column":0},"end":{"line":18,"column":50}},"18":{"start":{"line":19,"column":0},"end":{"line":19,"column":10}},"19":{"start":{"line":20,"column":0},"end":{"line":20,"column":50}},"20":{"start":{"line":21,"column":0},"end":{"line":21,"column":53}},"21":{"start":{"line":22,"column":0},"end":{"line":22,"column":56}},"22":{"start":{"line":23,"column":0},"end":{"line":23,"column":71}},"23":{"start":{"line":24,"column":0},"end":{"line":24,"column":52}},"25":{"start":{"line":26,"column":0},"end":{"line":26,"column":50}},"26":{"start":{"line":27,"column":0},"end":{"line":27,"column":3}},"28":{"start":{"line":29,"column":0},"end":{"line":29,"column":18}},"29":{"start":{"line":30,"column":0},"end":{"line":30,"column":2}}},"s":{"0":1,"5":1,"6":9,"7":9,"8":9,"9":9,"10":9,"11":9,"13":9,"14":7,"15":7,"17":7,"18":9,"19":2,"20":2,"21":2,"22":2,"23":2,"25":2,"26":2,"28":9,"29":9},"branchMap":{"0":{"type":"branch","line":6,"loc":{"start":{"line":6,"column":28},"end":{"line":30,"column":2}},"locations":[{"start":{"line":6,"column":28},"end":{"line":30,"column":2}}]},"1":{"type":"branch","line":14,"loc":{"start":{"line":14,"column":15},"end":{"line":19,"column":9}},"locations":[{"start":{"line":14,"column":15},"end":{"line":19,"column":9}}]},"2":{"type":"branch","line":19,"loc":{"start":{"line":19,"column":2},"end":{"line":27,"column":3}},"locations":[{"start":{"line":19,"column":2},"end":{"line":27,"column":3}}]},"3":{"type":"branch","line":22,"loc":{"start":{"line":22,"column":16},"end":{"line":22,"column":56}},"locations":[{"start":{"line":22,"column":16},"end":{"line":22,"column":56}}]},"4":{"type":"branch","line":24,"loc":{"start":{"line":24,"column":14},"end":{"line":24,"column":52}},"locations":[{"start":{"line":24,"column":14},"end":{"line":24,"column":52}}]}},"b":{"0":[9],"1":[7],"2":[2],"3":[1],"4":[0]},"fnMap":{"0":{"name":"getVacancies","decl":{"start":{"line":6,"column":28},"end":{"line":30,"column":2}},"loc":{"start":{"line":6,"column":28},"end":{"line":30,"column":2}},"line":6}},"f":{"0":9}}
,"C:\\Users\\user\\Documents\\Kata\\react2\\jobs\\src\\components\\city\\city.tsx": {"path":"C:\\Users\\user\\Documents\\Kata\\react2\\jobs\\src\\components\\city\\city.tsx","all":false,"statementMap":{"0":{"start":{"line":1,"column":0},"end":{"line":1,"column":78}},"6":{"start":{"line":7,"column":0},"end":{"line":7,"column":27}},"7":{"start":{"line":8,"column":0},"end":{"line":8,"column":32}},"8":{"start":{"line":9,"column":0},"end":{"line":9,"column":58}},"9":{"start":{"line":10,"column":0},"end":{"line":10,"column":5}},"10":{"start":{"line":11,"column":0},"end":{"line":11,"column":65}},"11":{"start":{"line":12,"column":0},"end":{"line":12,"column":36}},"12":{"start":{"line":13,"column":0},"end":{"line":13,"column":63}},"14":{"start":{"line":15,"column":0},"end":{"line":15,"column":40}},"15":{"start":{"line":16,"column":0},"end":{"line":16,"column":45}},"16":{"start":{"line":17,"column":0},"end":{"line":17,"column":12}},"17":{"start":{"line":18,"column":0},"end":{"line":18,"column":22}},"18":{"start":{"line":19,"column":0},"end":{"line":19,"column":5}},"20":{"start":{"line":21,"column":0},"end":{"line":21,"column":10}},"21":{"start":{"line":22,"column":0},"end":{"line":22,"column":22}},"22":{"start":{"line":23,"column":0},"end":{"line":23,"column":15}},"23":{"start":{"line":24,"column":0},"end":{"line":24,"column":24}},"24":{"start":{"line":25,"column":0},"end":{"line":25,"column":34}},"25":{"start":{"line":26,"column":0},"end":{"line":26,"column":45}},"26":{"start":{"line":27,"column":0},"end":{"line":27,"column":35}},"27":{"start":{"line":28,"column":0},"end":{"line":28,"column":11}},"28":{"start":{"line":29,"column":0},"end":{"line":29,"column":25}},"29":{"start":{"line":30,"column":0},"end":{"line":30,"column":20}},"30":{"start":{"line":31,"column":0},"end":{"line":31,"column":36}},"31":{"start":{"line":32,"column":0},"end":{"line":32,"column":30}},"32":{"start":{"line":33,"column":0},"end":{"line":33,"column":25}},"33":{"start":{"line":34,"column":0},"end":{"line":34,"column":19}},"34":{"start":{"line":35,"column":0},"end":{"line":35,"column":42}},"35":{"start":{"line":36,"column":0},"end":{"line":36,"column":47}},"36":{"start":{"line":37,"column":0},"end":{"line":37,"column":44}},"37":{"start":{"line":38,"column":0},"end":{"line":38,"column":54}},"38":{"start":{"line":39,"column":0},"end":{"line":39,"column":45}},"39":{"start":{"line":40,"column":0},"end":{"line":40,"column":42}},"40":{"start":{"line":41,"column":0},"end":{"line":41,"column":72}},"41":{"start":{"line":42,"column":0},"end":{"line":42,"column":22}},"42":{"start":{"line":43,"column":0},"end":{"line":43,"column":26}},"44":{"start":{"line":45,"column":0},"end":{"line":45,"column":27}},"45":{"start":{"line":46,"column":0},"end":{"line":46,"column":55}},"46":{"start":{"line":47,"column":0},"end":{"line":47,"column":21}},"47":{"start":{"line":48,"column":0},"end":{"line":48,"column":29}},"48":{"start":{"line":49,"column":0},"end":{"line":49,"column":28}},"49":{"start":{"line":50,"column":0},"end":{"line":50,"column":17}},"50":{"start":{"line":51,"column":0},"end":{"line":51,"column":11}},"52":{"start":{"line":53,"column":0},"end":{"line":53,"column":2}}},"s":{"0":1,"6":1,"7":12,"8":12,"9":12,"10":12,"11":12,"12":12,"14":12,"15":36,"16":36,"17":36,"18":12,"20":12,"21":12,"22":12,"23":12,"24":12,"25":1,"26":1,"27":1,"28":12,"29":12,"30":12,"31":12,"32":12,"33":12,"34":12,"35":12,"36":12,"37":12,"38":12,"39":12,"40":12,"41":12,"42":12,"44":12,"45":12,"46":12,"47":12,"48":12,"49":12,"50":12,"52":12},"branchMap":{"0":{"type":"branch","line":7,"loc":{"start":{"line":7,"column":20},"end":{"line":53,"column":2}},"locations":[{"start":{"line":7,"column":20},"end":{"line":53,"column":2}}]},"1":{"type":"branch","line":39,"loc":{"start":{"line":39,"column":22},"end":{"line":39,"column":45}},"locations":[{"start":{"line":39,"column":22},"end":{"line":39,"column":45}}]},"2":{"type":"branch","line":40,"loc":{"start":{"line":40,"column":22},"end":{"line":40,"column":42}},"locations":[{"start":{"line":40,"column":22},"end":{"line":40,"column":42}}]},"3":{"type":"branch","line":41,"loc":{"start":{"line":41,"column":14},"end":{"line":41,"column":72}},"locations":[{"start":{"line":41,"column":14},"end":{"line":41,"column":72}}]},"4":{"type":"branch","line":9,"loc":{"start":{"line":9,"column":21},"end":{"line":9,"column":58}},"locations":[{"start":{"line":9,"column":21},"end":{"line":9,"column":58}}]},"5":{"type":"branch","line":11,"loc":{"start":{"line":11,"column":34},"end":{"line":11,"column":63}},"locations":[{"start":{"line":11,"column":34},"end":{"line":11,"column":63}}]},"6":{"type":"branch","line":15,"loc":{"start":{"line":15,"column":29},"end":{"line":18,"column":22}},"locations":[{"start":{"line":15,"column":29},"end":{"line":18,"column":22}}]},"7":{"type":"branch","line":25,"loc":{"start":{"line":25,"column":24},"end":{"line":28,"column":11}},"locations":[{"start":{"line":25,"column":24},"end":{"line":28,"column":11}}]},"8":{"type":"branch","line":38,"loc":{"start":{"line":38,"column":21},"end":{"line":38,"column":54}},"locations":[{"start":{"line":38,"column":21},"end":{"line":38,"column":54}}]}},"b":{"0":[12],"1":[5],"2":[0],"3":[7],"4":[1],"5":[33],"6":[36],"7":[1],"8":[1]},"fnMap":{"0":{"name":"City","decl":{"start":{"line":7,"column":20},"end":{"line":53,"column":2}},"loc":{"start":{"line":7,"column":20},"end":{"line":53,"column":2}},"line":7},"1":{"name":"onDropdownClose","decl":{"start":{"line":9,"column":21},"end":{"line":9,"column":58}},"loc":{"start":{"line":9,"column":21},"end":{"line":9,"column":58}},"line":9},"2":{"name":"onOptionSubmit","decl":{"start":{"line":25,"column":24},"end":{"line":28,"column":11}},"loc":{"start":{"line":25,"column":24},"end":{"line":28,"column":11}},"line":25},"3":{"name":"onClick","decl":{"start":{"line":38,"column":21},"end":{"line":38,"column":54}},"loc":{"start":{"line":38,"column":21},"end":{"line":38,"column":54}},"line":38}},"f":{"0":12,"1":1,"2":1,"3":1}}
,"C:\\Users\\user\\Documents\\Kata\\react2\\jobs\\src\\components\\city\\index.ts": {"path":"C:\\Users\\user\\Documents\\Kata\\react2\\jobs\\src\\components\\city\\index.ts","all":false,"statementMap":{"0":{"start":{"line":1,"column":0},"end":{"line":1,"column":30}}},"s":{"0":1},"branchMap":{},"b":{},"fnMap":{},"f":{}}
,"C:\\Users\\user\\Documents\\Kata\\react2\\jobs\\src\\components\\jobCard\\index.ts": {"path":"C:\\Users\\user\\Documents\\Kata\\react2\\jobs\\src\\components\\jobCard\\index.ts","all":false,"statementMap":{"0":{"start":{"line":1,"column":0},"end":{"line":1,"column":36}}},"s":{"0":1},"branchMap":{},"b":{},"fnMap":{},"f":{}}
,"C:\\Users\\user\\Documents\\Kata\\react2\\jobs\\src\\components\\jobCard\\jobCard.tsx": {"path":"C:\\Users\\user\\Documents\\Kata\\react2\\jobs\\src\\components\\jobCard\\jobCard.tsx","all":false,"statementMap":{"0":{"start":{"line":1,"column":0},"end":{"line":1,"column":8}},"13":{"start":{"line":14,"column":0},"end":{"line":14,"column":25}},"14":{"start":{"line":15,"column":0},"end":{"line":15,"column":7}},"15":{"start":{"line":16,"column":0},"end":{"line":16,"column":7}},"16":{"start":{"line":17,"column":0},"end":{"line":17,"column":9}},"17":{"start":{"line":18,"column":0},"end":{"line":18,"column":13}},"18":{"start":{"line":19,"column":0},"end":{"line":19,"column":11}},"19":{"start":{"line":20,"column":0},"end":{"line":20,"column":16}},"20":{"start":{"line":21,"column":0},"end":{"line":21,"column":16}},"21":{"start":{"line":22,"column":0},"end":{"line":22,"column":20}},"22":{"start":{"line":23,"column":0},"end":{"line":23,"column":29}},"23":{"start":{"line":24,"column":0},"end":{"line":24,"column":38}},"24":{"start":{"line":25,"column":0},"end":{"line":25,"column":14}},"25":{"start":{"line":26,"column":0},"end":{"line":26,"column":14}},"26":{"start":{"line":27,"column":0},"end":{"line":27,"column":13}},"27":{"start":{"line":28,"column":0},"end":{"line":28,"column":20}},"28":{"start":{"line":29,"column":0},"end":{"line":29,"column":46}},"29":{"start":{"line":30,"column":0},"end":{"line":30,"column":34}},"30":{"start":{"line":31,"column":0},"end":{"line":31,"column":17}},"32":{"start":{"line":33,"column":0},"end":{"line":33,"column":45}},"33":{"start":{"line":34,"column":0},"end":{"line":34,"column":27}},"34":{"start":{"line":35,"column":0},"end":{"line":35,"column":15}},"35":{"start":{"line":36,"column":0},"end":{"line":36,"column":14}},"36":{"start":{"line":37,"column":0},"end":{"line":37,"column":22}},"37":{"start":{"line":38,"column":0},"end":{"line":38,"column":43}},"38":{"start":{"line":39,"column":0},"end":{"line":39,"column":23}},"39":{"start":{"line":40,"column":0},"end":{"line":40,"column":13}},"40":{"start":{"line":41,"column":0},"end":{"line":41,"column":21}},"41":{"start":{"line":42,"column":0},"end":{"line":42,"column":63}},"43":{"start":{"line":44,"column":0},"end":{"line":44,"column":14}},"44":{"start":{"line":45,"column":0},"end":{"line":45,"column":21}},"45":{"start":{"line":46,"column":0},"end":{"line":46,"column":42}},"46":{"start":{"line":47,"column":0},"end":{"line":47,"column":19}},"47":{"start":{"line":48,"column":0},"end":{"line":48,"column":13}},"48":{"start":{"line":49,"column":0},"end":{"line":49,"column":22}},"49":{"start":{"line":50,"column":0},"end":{"line":50,"column":46}},"50":{"start":{"line":51,"column":0},"end":{"line":51,"column":50}},"52":{"start":{"line":53,"column":0},"end":{"line":53,"column":17}},"53":{"start":{"line":54,"column":0},"end":{"line":54,"column":15}},"54":{"start":{"line":55,"column":0},"end":{"line":55,"column":23}},"55":{"start":{"line":56,"column":0},"end":{"line":56,"column":30}},"56":{"start":{"line":57,"column":0},"end":{"line":57,"column":25}},"57":{"start":{"line":58,"column":0},"end":{"line":58,"column":23}},"58":{"start":{"line":59,"column":0},"end":{"line":59,"column":21}},"59":{"start":{"line":60,"column":0},"end":{"line":60,"column":19}},"61":{"start":{"line":62,"column":0},"end":{"line":62,"column":17}},"62":{"start":{"line":63,"column":0},"end":{"line":63,"column":14}},"63":{"start":{"line":64,"column":0},"end":{"line":64,"column":11}},"64":{"start":{"line":65,"column":0},"end":{"line":65,"column":9}}},"s":{"0":1,"13":1,"14":162,"15":162,"16":162,"17":162,"18":162,"19":162,"20":162,"21":162,"22":162,"23":162,"24":162,"25":162,"26":162,"27":162,"28":162,"29":162,"30":162,"32":162,"33":162,"34":162,"35":162,"36":162,"37":162,"38":162,"39":162,"40":162,"41":162,"43":162,"44":162,"45":162,"46":162,"47":162,"48":162,"49":162,"50":162,"52":162,"53":162,"54":162,"55":162,"56":162,"57":162,"58":162,"59":162,"61":162,"62":162,"63":162,"64":162},"branchMap":{"0":{"type":"branch","line":14,"loc":{"start":{"line":14,"column":23},"end":{"line":65,"column":9}},"locations":[{"start":{"line":14,"column":23},"end":{"line":65,"column":9}}]}},"b":{"0":[162]},"fnMap":{"0":{"name":"JobCard","decl":{"start":{"line":14,"column":23},"end":{"line":65,"column":9}},"loc":{"start":{"line":14,"column":23},"end":{"line":65,"column":9}},"line":14}},"f":{"0":162}}
,"C:\\Users\\user\\Documents\\Kata\\react2\\jobs\\src\\components\\search\\index.ts": {"path":"C:\\Users\\user\\Documents\\Kata\\react2\\jobs\\src\\components\\search\\index.ts","all":false,"statementMap":{"0":{"start":{"line":1,"column":0},"end":{"line":1,"column":34}}},"s":{"0":1},"branchMap":{},"b":{},"fnMap":{},"f":{}}
,"C:\\Users\\user\\Documents\\Kata\\react2\\jobs\\src\\components\\search\\search.tsx": {"path":"C:\\Users\\user\\Documents\\Kata\\react2\\jobs\\src\\components\\search\\search.tsx","all":false,"statementMap":{"0":{"start":{"line":1,"column":0},"end":{"line":1,"column":57}},"8":{"start":{"line":9,"column":0},"end":{"line":9,"column":29}},"9":{"start":{"line":10,"column":0},"end":{"line":10,"column":73}},"10":{"start":{"line":11,"column":0},"end":{"line":11,"column":36}},"11":{"start":{"line":12,"column":0},"end":{"line":12,"column":24}},"12":{"start":{"line":13,"column":0},"end":{"line":13,"column":25}},"13":{"start":{"line":14,"column":0},"end":{"line":14,"column":20}},"14":{"start":{"line":15,"column":0},"end":{"line":15,"column":17}},"15":{"start":{"line":16,"column":0},"end":{"line":16,"column":6}},"16":{"start":{"line":17,"column":0},"end":{"line":17,"column":5}},"18":{"start":{"line":19,"column":0},"end":{"line":19,"column":61}},"19":{"start":{"line":20,"column":0},"end":{"line":20,"column":32}},"20":{"start":{"line":21,"column":0},"end":{"line":21,"column":64}},"21":{"start":{"line":22,"column":0},"end":{"line":22,"column":4}},"22":{"start":{"line":23,"column":0},"end":{"line":23,"column":10}},"23":{"start":{"line":24,"column":0},"end":{"line":24,"column":50}},"24":{"start":{"line":25,"column":0},"end":{"line":25,"column":13}},"25":{"start":{"line":26,"column":0},"end":{"line":26,"column":18}},"26":{"start":{"line":27,"column":0},"end":{"line":27,"column":18}},"27":{"start":{"line":28,"column":0},"end":{"line":28,"column":28}},"28":{"start":{"line":29,"column":0},"end":{"line":29,"column":17}},"29":{"start":{"line":30,"column":0},"end":{"line":30,"column":38}},"30":{"start":{"line":31,"column":0},"end":{"line":31,"column":55}},"31":{"start":{"line":32,"column":0},"end":{"line":32,"column":34}},"32":{"start":{"line":33,"column":0},"end":{"line":33,"column":34}},"33":{"start":{"line":34,"column":0},"end":{"line":34,"column":43}},"34":{"start":{"line":35,"column":0},"end":{"line":35,"column":10}},"35":{"start":{"line":36,"column":0},"end":{"line":36,"column":45}},"36":{"start":{"line":37,"column":0},"end":{"line":37,"column":14}},"37":{"start":{"line":38,"column":0},"end":{"line":38,"column":11}},"39":{"start":{"line":40,"column":0},"end":{"line":40,"column":2}}},"s":{"0":1,"8":1,"9":12,"10":12,"11":12,"12":12,"13":12,"14":12,"15":12,"16":12,"18":12,"19":1,"20":1,"21":1,"22":12,"23":12,"24":12,"25":12,"26":12,"27":12,"28":12,"29":12,"30":12,"31":12,"32":12,"33":12,"34":12,"35":12,"36":12,"37":12,"39":12},"branchMap":{"0":{"type":"branch","line":9,"loc":{"start":{"line":9,"column":22},"end":{"line":40,"column":2}},"locations":[{"start":{"line":9,"column":22},"end":{"line":40,"column":2}}]},"1":{"type":"branch","line":10,"loc":{"start":{"line":10,"column":42},"end":{"line":10,"column":71}},"locations":[{"start":{"line":10,"column":42},"end":{"line":10,"column":71}}]},"2":{"type":"branch","line":19,"loc":{"start":{"line":19,"column":24},"end":{"line":22,"column":4}},"locations":[{"start":{"line":19,"column":24},"end":{"line":22,"column":4}}]}},"b":{"0":[12],"1":[33],"2":[1]},"fnMap":{"0":{"name":"Search","decl":{"start":{"line":9,"column":22},"end":{"line":40,"column":2}},"loc":{"start":{"line":9,"column":22},"end":{"line":40,"column":2}},"line":9},"1":{"name":"handlerSubmit","decl":{"start":{"line":19,"column":24},"end":{"line":22,"column":4}},"loc":{"start":{"line":19,"column":24},"end":{"line":22,"column":4}},"line":19}},"f":{"0":12,"1":1}}
,"C:\\Users\\user\\Documents\\Kata\\react2\\jobs\\src\\components\\skills\\index.ts": {"path":"C:\\Users\\user\\Documents\\Kata\\react2\\jobs\\src\\components\\skills\\index.ts","all":false,"statementMap":{"0":{"start":{"line":1,"column":0},"end":{"line":1,"column":34}}},"s":{"0":1},"branchMap":{},"b":{},"fnMap":{},"f":{}}
,"C:\\Users\\user\\Documents\\Kata\\react2\\jobs\\src\\components\\skills\\skills.tsx": {"path":"C:\\Users\\user\\Documents\\Kata\\react2\\jobs\\src\\components\\skills\\skills.tsx","all":false,"statementMap":{"0":{"start":{"line":1,"column":0},"end":{"line":1,"column":72}},"15":{"start":{"line":16,"column":0},"end":{"line":16,"column":29}},"16":{"start":{"line":17,"column":0},"end":{"line":17,"column":67}},"17":{"start":{"line":18,"column":0},"end":{"line":18,"column":36}},"18":{"start":{"line":19,"column":0},"end":{"line":19,"column":59}},"19":{"start":{"line":20,"column":0},"end":{"line":20,"column":30}},"20":{"start":{"line":21,"column":0},"end":{"line":21,"column":17}},"21":{"start":{"line":22,"column":0},"end":{"line":22,"column":4}},"22":{"start":{"line":23,"column":0},"end":{"line":23,"column":24}},"23":{"start":{"line":24,"column":0},"end":{"line":24,"column":25}},"24":{"start":{"line":25,"column":0},"end":{"line":25,"column":20}},"25":{"start":{"line":26,"column":0},"end":{"line":26,"column":16}},"26":{"start":{"line":27,"column":0},"end":{"line":27,"column":6}},"27":{"start":{"line":28,"column":0},"end":{"line":28,"column":5}},"28":{"start":{"line":29,"column":0},"end":{"line":29,"column":10}},"29":{"start":{"line":30,"column":0},"end":{"line":30,"column":43}},"30":{"start":{"line":31,"column":0},"end":{"line":31,"column":34}},"31":{"start":{"line":32,"column":0},"end":{"line":32,"column":52}},"32":{"start":{"line":33,"column":0},"end":{"line":33,"column":38}},"33":{"start":{"line":34,"column":0},"end":{"line":34,"column":20}},"34":{"start":{"line":35,"column":0},"end":{"line":35,"column":20}},"35":{"start":{"line":36,"column":0},"end":{"line":36,"column":24}},"36":{"start":{"line":37,"column":0},"end":{"line":37,"column":23}},"37":{"start":{"line":38,"column":0},"end":{"line":38,"column":35}},"38":{"start":{"line":39,"column":0},"end":{"line":39,"column":31}},"39":{"start":{"line":40,"column":0},"end":{"line":40,"column":44}},"40":{"start":{"line":41,"column":0},"end":{"line":41,"column":12}},"41":{"start":{"line":42,"column":0},"end":{"line":42,"column":17}},"42":{"start":{"line":43,"column":0},"end":{"line":43,"column":25}},"43":{"start":{"line":44,"column":0},"end":{"line":44,"column":27}},"44":{"start":{"line":45,"column":0},"end":{"line":45,"column":18}},"45":{"start":{"line":46,"column":0},"end":{"line":46,"column":18}},"46":{"start":{"line":47,"column":0},"end":{"line":47,"column":23}},"47":{"start":{"line":48,"column":0},"end":{"line":48,"column":40}},"48":{"start":{"line":49,"column":0},"end":{"line":49,"column":28}},"49":{"start":{"line":50,"column":0},"end":{"line":50,"column":24}},"50":{"start":{"line":51,"column":0},"end":{"line":51,"column":28}},"51":{"start":{"line":52,"column":0},"end":{"line":52,"column":24}},"52":{"start":{"line":53,"column":0},"end":{"line":53,"column":22}},"53":{"start":{"line":54,"column":0},"end":{"line":54,"column":22}},"54":{"start":{"line":55,"column":0},"end":{"line":55,"column":14}},"55":{"start":{"line":56,"column":0},"end":{"line":56,"column":19}},"56":{"start":{"line":57,"column":0},"end":{"line":57,"column":16}},"57":{"start":{"line":58,"column":0},"end":{"line":58,"column":13}},"58":{"start":{"line":59,"column":0},"end":{"line":59,"column":22}},"59":{"start":{"line":60,"column":0},"end":{"line":60,"column":45}},"60":{"start":{"line":61,"column":0},"end":{"line":61,"column":39}},"61":{"start":{"line":62,"column":0},"end":{"line":62,"column":15}},"62":{"start":{"line":63,"column":0},"end":{"line":63,"column":23}},"63":{"start":{"line":64,"column":0},"end":{"line":64,"column":28}},"64":{"start":{"line":65,"column":0},"end":{"line":65,"column":31}},"65":{"start":{"line":66,"column":0},"end":{"line":66,"column":55}},"66":{"start":{"line":67,"column":0},"end":{"line":67,"column":77}},"67":{"start":{"line":68,"column":0},"end":{"line":68,"column":19}},"68":{"start":{"line":69,"column":0},"end":{"line":69,"column":17}},"69":{"start":{"line":70,"column":0},"end":{"line":70,"column":11}},"70":{"start":{"line":71,"column":0},"end":{"line":71,"column":19}},"71":{"start":{"line":72,"column":0},"end":{"line":72,"column":11}},"73":{"start":{"line":74,"column":0},"end":{"line":74,"column":2}}},"s":{"0":1,"15":1,"16":12,"17":12,"18":12,"19":1,"20":1,"21":1,"22":12,"23":12,"24":12,"25":12,"26":12,"27":12,"28":12,"29":12,"30":12,"31":12,"32":12,"33":12,"34":12,"35":12,"36":12,"37":12,"38":12,"39":12,"40":12,"41":12,"42":12,"43":12,"44":12,"45":12,"46":12,"47":12,"48":12,"49":12,"50":12,"51":12,"52":12,"53":12,"54":12,"55":12,"56":12,"57":12,"58":12,"59":12,"60":12,"61":38,"62":38,"63":38,"64":38,"65":38,"66":38,"67":38,"68":38,"69":12,"70":12,"71":12,"73":12},"branchMap":{"0":{"type":"branch","line":16,"loc":{"start":{"line":16,"column":22},"end":{"line":74,"column":2}},"locations":[{"start":{"line":16,"column":22},"end":{"line":74,"column":2}}]},"1":{"type":"branch","line":17,"loc":{"start":{"line":17,"column":36},"end":{"line":17,"column":65}},"locations":[{"start":{"line":17,"column":36},"end":{"line":17,"column":65}}]},"2":{"type":"branch","line":19,"loc":{"start":{"line":19,"column":24},"end":{"line":22,"column":4}},"locations":[{"start":{"line":19,"column":24},"end":{"line":22,"column":4}}]},"3":{"type":"branch","line":61,"loc":{"start":{"line":61,"column":20},"end":{"line":69,"column":17}},"locations":[{"start":{"line":61,"column":20},"end":{"line":69,"column":17}}]},"4":{"type":"branch","line":66,"loc":{"start":{"line":66,"column":22},"end":{"line":66,"column":55}},"locations":[{"start":{"line":66,"column":22},"end":{"line":66,"column":55}}]}},"b":{"0":[12],"1":[33],"2":[1],"3":[38],"4":[1]},"fnMap":{"0":{"name":"Skills","decl":{"start":{"line":16,"column":22},"end":{"line":74,"column":2}},"loc":{"start":{"line":16,"column":22},"end":{"line":74,"column":2}},"line":16},"1":{"name":"handlerSubmit","decl":{"start":{"line":19,"column":24},"end":{"line":22,"column":4}},"loc":{"start":{"line":19,"column":24},"end":{"line":22,"column":4}},"line":19},"2":{"name":"onRemove","decl":{"start":{"line":66,"column":22},"end":{"line":66,"column":55}},"loc":{"start":{"line":66,"column":22},"end":{"line":66,"column":55}},"line":66}},"f":{"0":12,"1":1,"2":1}}
,"C:\\Users\\user\\Documents\\Kata\\react2\\jobs\\src\\components\\title\\index.ts": {"path":"C:\\Users\\user\\Documents\\Kata\\react2\\jobs\\src\\components\\title\\index.ts","all":false,"statementMap":{"0":{"start":{"line":1,"column":0},"end":{"line":1,"column":32}}},"s":{"0":1},"branchMap":{},"b":{},"fnMap":{},"f":{}}
,"C:\\Users\\user\\Documents\\Kata\\react2\\jobs\\src\\components\\title\\title.tsx": {"path":"C:\\Users\\user\\Documents\\Kata\\react2\\jobs\\src\\components\\title\\title.tsx","all":false,"statementMap":{"0":{"start":{"line":1,"column":0},"end":{"line":1,"column":66}},"1":{"start":{"line":2,"column":0},"end":{"line":2,"column":28}},"2":{"start":{"line":3,"column":0},"end":{"line":3,"column":27}},"3":{"start":{"line":4,"column":0},"end":{"line":4,"column":58}},"4":{"start":{"line":5,"column":0},"end":{"line":5,"column":63}},"5":{"start":{"line":6,"column":0},"end":{"line":6,"column":9}}},"s":{"0":1,"1":1,"2":7,"3":7,"4":7,"5":7},"branchMap":{"0":{"type":"branch","line":2,"loc":{"start":{"line":2,"column":21},"end":{"line":6,"column":9}},"locations":[{"start":{"line":2,"column":21},"end":{"line":6,"column":9}}]}},"b":{"0":[7]},"fnMap":{"0":{"name":"Title","decl":{"start":{"line":2,"column":21},"end":{"line":6,"column":9}},"loc":{"start":{"line":2,"column":21},"end":{"line":6,"column":9}},"line":2}},"f":{"0":7}}
,"C:\\Users\\user\\Documents\\Kata\\react2\\jobs\\src\\constants\\defaultSkills.ts": {"path":"C:\\Users\\user\\Documents\\Kata\\react2\\jobs\\src\\constants\\defaultSkills.ts","all":false,"statementMap":{"0":{"start":{"line":1,"column":0},"end":{"line":1,"column":62}}},"s":{"0":1},"branchMap":{},"b":{},"fnMap":{},"f":{}}
,"C:\\Users\\user\\Documents\\Kata\\react2\\jobs\\src\\hooks\\reduxHooks.ts": {"path":"C:\\Users\\user\\Documents\\Kata\\react2\\jobs\\src\\hooks\\reduxHooks.ts","all":false,"statementMap":{"0":{"start":{"line":1,"column":0},"end":{"line":1,"column":55}},"3":{"start":{"line":4,"column":0},"end":{"line":4,"column":67}},"4":{"start":{"line":5,"column":0},"end":{"line":5,"column":65}}},"s":{"0":1,"3":1,"4":1},"branchMap":{},"b":{},"fnMap":{},"f":{}}
,"C:\\Users\\user\\Documents\\Kata\\react2\\jobs\\src\\modules\\header\\header.tsx": {"path":"C:\\Users\\user\\Documents\\Kata\\react2\\jobs\\src\\modules\\header\\header.tsx","all":false,"statementMap":{"0":{"start":{"line":1,"column":0},"end":{"line":1,"column":73}},"6":{"start":{"line":7,"column":0},"end":{"line":7,"column":29}},"7":{"start":{"line":8,"column":0},"end":{"line":8,"column":39}},"8":{"start":{"line":9,"column":0},"end":{"line":9,"column":64}},"9":{"start":{"line":10,"column":0},"end":{"line":10,"column":13}},"10":{"start":{"line":11,"column":0},"end":{"line":11,"column":53}},"11":{"start":{"line":12,"column":0},"end":{"line":12,"column":33}},"13":{"start":{"line":14,"column":0},"end":{"line":14,"column":15}},"14":{"start":{"line":15,"column":0},"end":{"line":15,"column":14}},"15":{"start":{"line":16,"column":0},"end":{"line":16,"column":46}},"16":{"start":{"line":17,"column":0},"end":{"line":17,"column":54}},"18":{"start":{"line":19,"column":0},"end":{"line":19,"column":15}},"19":{"start":{"line":20,"column":0},"end":{"line":20,"column":53}},"20":{"start":{"line":21,"column":0},"end":{"line":21,"column":37}},"22":{"start":{"line":23,"column":0},"end":{"line":23,"column":15}},"23":{"start":{"line":24,"column":0},"end":{"line":24,"column":14}},"24":{"start":{"line":25,"column":0},"end":{"line":25,"column":11}},"25":{"start":{"line":26,"column":0},"end":{"line":26,"column":19}}},"s":{"0":1,"6":1,"7":7,"8":7,"9":7,"10":7,"11":7,"13":7,"14":7,"15":7,"16":7,"18":7,"19":7,"20":7,"22":7,"23":7,"24":7,"25":7},"branchMap":{"0":{"type":"branch","line":7,"loc":{"start":{"line":7,"column":22},"end":{"line":26,"column":19}},"locations":[{"start":{"line":7,"column":22},"end":{"line":26,"column":19}}]}},"b":{"0":[7]},"fnMap":{"0":{"name":"Header","decl":{"start":{"line":7,"column":22},"end":{"line":26,"column":19}},"loc":{"start":{"line":7,"column":22},"end":{"line":26,"column":19}},"line":7}},"f":{"0":7}}
,"C:\\Users\\user\\Documents\\Kata\\react2\\jobs\\src\\modules\\header\\index.ts": {"path":"C:\\Users\\user\\Documents\\Kata\\react2\\jobs\\src\\modules\\header\\index.ts","all":false,"statementMap":{"0":{"start":{"line":1,"column":0},"end":{"line":1,"column":34}}},"s":{"0":1},"branchMap":{},"b":{},"fnMap":{},"f":{}}
,"C:\\Users\\user\\Documents\\Kata\\react2\\jobs\\src\\modules\\list\\index.ts": {"path":"C:\\Users\\user\\Documents\\Kata\\react2\\jobs\\src\\modules\\list\\index.ts","all":false,"statementMap":{"0":{"start":{"line":1,"column":0},"end":{"line":1,"column":30}}},"s":{"0":1},"branchMap":{},"b":{},"fnMap":{},"f":{}}
,"C:\\Users\\user\\Documents\\Kata\\react2\\jobs\\src\\modules\\list\\list.tsx": {"path":"C:\\Users\\user\\Documents\\Kata\\react2\\jobs\\src\\modules\\list\\list.tsx","all":false,"statementMap":{"0":{"start":{"line":1,"column":0},"end":{"line":1,"column":57}},"5":{"start":{"line":6,"column":0},"end":{"line":6,"column":27}},"6":{"start":{"line":7,"column":0},"end":{"line":7,"column":80}},"7":{"start":{"line":8,"column":0},"end":{"line":8,"column":50}},"8":{"start":{"line":9,"column":0},"end":{"line":9,"column":33}},"9":{"start":{"line":10,"column":0},"end":{"line":10,"column":4}},"10":{"start":{"line":11,"column":0},"end":{"line":11,"column":36}},"11":{"start":{"line":12,"column":0},"end":{"line":12,"column":44}},"12":{"start":{"line":13,"column":0},"end":{"line":13,"column":72}},"13":{"start":{"line":14,"column":0},"end":{"line":14,"column":4}},"14":{"start":{"line":15,"column":0},"end":{"line":15,"column":10}},"15":{"start":{"line":16,"column":0},"end":{"line":16,"column":65}},"16":{"start":{"line":17,"column":0},"end":{"line":17,"column":35}},"17":{"start":{"line":18,"column":0},"end":{"line":18,"column":49}},"18":{"start":{"line":19,"column":0},"end":{"line":19,"column":9}},"19":{"start":{"line":20,"column":0},"end":{"line":20,"column":14}},"20":{"start":{"line":21,"column":0},"end":{"line":21,"column":19}},"21":{"start":{"line":22,"column":0},"end":{"line":22,"column":23}},"22":{"start":{"line":23,"column":0},"end":{"line":23,"column":26}},"23":{"start":{"line":24,"column":0},"end":{"line":24,"column":21}},"24":{"start":{"line":25,"column":0},"end":{"line":25,"column":19}},"25":{"start":{"line":26,"column":0},"end":{"line":26,"column":26}},"26":{"start":{"line":27,"column":0},"end":{"line":27,"column":34}},"27":{"start":{"line":28,"column":0},"end":{"line":28,"column":34}},"28":{"start":{"line":29,"column":0},"end":{"line":29,"column":10}},"29":{"start":{"line":30,"column":0},"end":{"line":30,"column":15}},"30":{"start":{"line":31,"column":0},"end":{"line":31,"column":11}},"32":{"start":{"line":33,"column":0},"end":{"line":33,"column":2}}},"s":{"0":1,"5":1,"6":20,"7":20,"8":20,"9":20,"10":20,"11":20,"12":1,"13":1,"14":20,"15":20,"16":20,"17":162,"18":20,"19":20,"20":20,"21":20,"22":20,"23":20,"24":20,"25":20,"26":20,"27":20,"28":20,"29":20,"30":20,"32":20},"branchMap":{"0":{"type":"branch","line":6,"loc":{"start":{"line":6,"column":20},"end":{"line":33,"column":2}},"locations":[{"start":{"line":6,"column":20},"end":{"line":33,"column":2}}]},"1":{"type":"branch","line":7,"loc":{"start":{"line":7,"column":52},"end":{"line":7,"column":78}},"locations":[{"start":{"line":7,"column":52},"end":{"line":7,"column":78}}]},"2":{"type":"branch","line":9,"loc":{"start":{"line":9,"column":4},"end":{"line":9,"column":33}},"locations":[{"start":{"line":9,"column":4},"end":{"line":9,"column":33}}]},"3":{"type":"branch","line":12,"loc":{"start":{"line":12,"column":24},"end":{"line":14,"column":4}},"locations":[{"start":{"line":12,"column":24},"end":{"line":14,"column":4}}]},"4":{"type":"branch","line":17,"loc":{"start":{"line":17,"column":21},"end":{"line":18,"column":49}},"locations":[{"start":{"line":17,"column":21},"end":{"line":18,"column":49}}]}},"b":{"0":[20],"1":[41],"2":[40],"3":[1],"4":[162]},"fnMap":{"0":{"name":"List","decl":{"start":{"line":6,"column":20},"end":{"line":33,"column":2}},"loc":{"start":{"line":6,"column":20},"end":{"line":33,"column":2}},"line":6},"1":{"name":"handlerChange","decl":{"start":{"line":12,"column":24},"end":{"line":14,"column":4}},"loc":{"start":{"line":12,"column":24},"end":{"line":14,"column":4}},"line":12}},"f":{"0":20,"1":1}}
,"C:\\Users\\user\\Documents\\Kata\\react2\\jobs\\src\\modules\\main\\index.ts": {"path":"C:\\Users\\user\\Documents\\Kata\\react2\\jobs\\src\\modules\\main\\index.ts","all":false,"statementMap":{"0":{"start":{"line":1,"column":0},"end":{"line":1,"column":30}}},"s":{"0":1},"branchMap":{},"b":{},"fnMap":{},"f":{}}
,"C:\\Users\\user\\Documents\\Kata\\react2\\jobs\\src\\modules\\main\\main.tsx": {"path":"C:\\Users\\user\\Documents\\Kata\\react2\\jobs\\src\\modules\\main\\main.tsx","all":false,"statementMap":{"0":{"start":{"line":1,"column":0},"end":{"line":1,"column":74}},"7":{"start":{"line":8,"column":0},"end":{"line":8,"column":27}},"8":{"start":{"line":9,"column":0},"end":{"line":9,"column":24}},"9":{"start":{"line":10,"column":0},"end":{"line":10,"column":20}},"10":{"start":{"line":11,"column":0},"end":{"line":11,"column":56}},"11":{"start":{"line":12,"column":0},"end":{"line":12,"column":15}},"12":{"start":{"line":13,"column":0},"end":{"line":13,"column":16}},"13":{"start":{"line":14,"column":0},"end":{"line":14,"column":12}},"14":{"start":{"line":15,"column":0},"end":{"line":15,"column":20}},"15":{"start":{"line":16,"column":0},"end":{"line":16,"column":15}},"16":{"start":{"line":17,"column":0},"end":{"line":17,"column":20}},"17":{"start":{"line":18,"column":0},"end":{"line":18,"column":70}},"18":{"start":{"line":19,"column":0},"end":{"line":19,"column":41}},"19":{"start":{"line":20,"column":0},"end":{"line":20,"column":18}},"20":{"start":{"line":21,"column":0},"end":{"line":21,"column":24}},"21":{"start":{"line":22,"column":0},"end":{"line":22,"column":16}},"22":{"start":{"line":23,"column":0},"end":{"line":23,"column":13}},"23":{"start":{"line":24,"column":0},"end":{"line":24,"column":14}},"24":{"start":{"line":25,"column":0},"end":{"line":25,"column":12}},"25":{"start":{"line":26,"column":0},"end":{"line":26,"column":17}}},"s":{"0":1,"7":1,"8":7,"9":7,"10":7,"11":7,"12":7,"13":7,"14":7,"15":7,"16":7,"17":7,"18":7,"19":7,"20":7,"21":7,"22":7,"23":7,"24":7,"25":7},"branchMap":{"0":{"type":"branch","line":8,"loc":{"start":{"line":8,"column":20},"end":{"line":26,"column":17}},"locations":[{"start":{"line":8,"column":20},"end":{"line":26,"column":17}}]}},"b":{"0":[7]},"fnMap":{"0":{"name":"Main","decl":{"start":{"line":8,"column":20},"end":{"line":26,"column":17}},"loc":{"start":{"line":8,"column":20},"end":{"line":26,"column":17}},"line":8}},"f":{"0":7}}
,"C:\\Users\\user\\Documents\\Kata\\react2\\jobs\\src\\reducer\\reducer.ts": {"path":"C:\\Users\\user\\Documents\\Kata\\react2\\jobs\\src\\reducer\\reducer.ts","all":false,"statementMap":{"0":{"start":{"line":1,"column":0},"end":{"line":1,"column":47}},"12":{"start":{"line":13,"column":0},"end":{"line":13,"column":47}},"13":{"start":{"line":14,"column":0},"end":{"line":14,"column":16}},"14":{"start":{"line":15,"column":0},"end":{"line":15,"column":11}},"15":{"start":{"line":16,"column":0},"end":{"line":16,"column":10}},"16":{"start":{"line":17,"column":0},"end":{"line":17,"column":2}},"18":{"start":{"line":19,"column":0},"end":{"line":19,"column":48}},"19":{"start":{"line":20,"column":0},"end":{"line":20,"column":13}},"20":{"start":{"line":21,"column":0},"end":{"line":21,"column":24}},"21":{"start":{"line":22,"column":0},"end":{"line":22,"column":13}},"22":{"start":{"line":23,"column":0},"end":{"line":23,"column":10}},"23":{"start":{"line":24,"column":0},"end":{"line":24,"column":2}},"25":{"start":{"line":26,"column":0},"end":{"line":26,"column":43}},"26":{"start":{"line":27,"column":0},"end":{"line":27,"column":20}},"27":{"start":{"line":28,"column":0},"end":{"line":28,"column":38}},"28":{"start":{"line":29,"column":0},"end":{"line":29,"column":15}},"29":{"start":{"line":30,"column":0},"end":{"line":30,"column":31}},"30":{"start":{"line":31,"column":0},"end":{"line":31,"column":62}},"31":{"start":{"line":32,"column":0},"end":{"line":32,"column":14}},"32":{"start":{"line":33,"column":0},"end":{"line":33,"column":40}},"33":{"start":{"line":34,"column":0},"end":{"line":34,"column":36}},"34":{"start":{"line":35,"column":0},"end":{"line":35,"column":34}},"35":{"start":{"line":36,"column":0},"end":{"line":36,"column":8}},"36":{"start":{"line":37,"column":0},"end":{"line":37,"column":7}},"37":{"start":{"line":38,"column":0},"end":{"line":38,"column":4}},"38":{"start":{"line":39,"column":0},"end":{"line":39,"column":3}},"40":{"start":{"line":41,"column":0},"end":{"line":41,"column":46}},"41":{"start":{"line":42,"column":0},"end":{"line":42,"column":23}},"42":{"start":{"line":43,"column":0},"end":{"line":43,"column":41}},"43":{"start":{"line":44,"column":0},"end":{"line":44,"column":13}},"44":{"start":{"line":45,"column":0},"end":{"line":45,"column":53}},"45":{"start":{"line":46,"column":0},"end":{"line":46,"column":36}},"46":{"start":{"line":47,"column":0},"end":{"line":47,"column":6}},"47":{"start":{"line":48,"column":0},"end":{"line":48,"column":52}},"48":{"start":{"line":49,"column":0},"end":{"line":49,"column":55}},"49":{"start":{"line":50,"column":0},"end":{"line":50,"column":6}},"50":{"start":{"line":51,"column":0},"end":{"line":51,"column":53}},"51":{"start":{"line":52,"column":0},"end":{"line":52,"column":41}},"52":{"start":{"line":53,"column":0},"end":{"line":53,"column":46}},"53":{"start":{"line":54,"column":0},"end":{"line":54,"column":8}},"54":{"start":{"line":55,"column":0},"end":{"line":55,"column":6}},"55":{"start":{"line":56,"column":0},"end":{"line":56,"column":49}},"56":{"start":{"line":57,"column":0},"end":{"line":57,"column":31}},"57":{"start":{"line":58,"column":0},"end":{"line":58,"column":27}},"58":{"start":{"line":59,"column":0},"end":{"line":59,"column":27}},"59":{"start":{"line":60,"column":0},"end":{"line":60,"column":16}},"60":{"start":{"line":61,"column":0},"end":{"line":61,"column":9}},"61":{"start":{"line":62,"column":0},"end":{"line":62,"column":24}},"62":{"start":{"line":63,"column":0},"end":{"line":63,"column":27}},"63":{"start":{"line":64,"column":0},"end":{"line":64,"column":16}},"64":{"start":{"line":65,"column":0},"end":{"line":65,"column":9}},"65":{"start":{"line":66,"column":0},"end":{"line":66,"column":24}},"66":{"start":{"line":67,"column":0},"end":{"line":67,"column":28}},"67":{"start":{"line":68,"column":0},"end":{"line":68,"column":16}},"68":{"start":{"line":69,"column":0},"end":{"line":69,"column":9}},"69":{"start":{"line":70,"column":0},"end":{"line":70,"column":7}},"70":{"start":{"line":71,"column":0},"end":{"line":71,"column":6}},"71":{"start":{"line":72,"column":0},"end":{"line":72,"column":51}},"72":{"start":{"line":73,"column":0},"end":{"line":73,"column":34}},"73":{"start":{"line":74,"column":0},"end":{"line":74,"column":6}},"74":{"start":{"line":75,"column":0},"end":{"line":75,"column":4}},"75":{"start":{"line":76,"column":0},"end":{"line":76,"column":3}},"77":{"start":{"line":78,"column":0},"end":{"line":78,"column":67}},"78":{"start":{"line":79,"column":0},"end":{"line":79,"column":28}}},"s":{"0":1,"12":1,"13":1,"14":1,"15":1,"16":1,"18":1,"19":1,"20":1,"21":1,"22":1,"23":1,"25":1,"26":1,"27":1,"28":1,"29":1,"30":1,"31":9,"32":9,"33":9,"34":9,"35":9,"36":1,"37":1,"38":1,"40":1,"41":1,"42":1,"43":1,"44":1,"45":1,"46":1,"47":1,"48":1,"49":1,"50":1,"51":1,"52":1,"53":1,"54":1,"55":1,"56":1,"57":1,"58":1,"59":1,"60":1,"61":1,"62":0,"63":0,"64":0,"65":1,"66":0,"67":0,"68":0,"69":1,"70":1,"71":1,"72":0,"73":0,"74":1,"75":1,"77":1,"78":1},"branchMap":{"0":{"type":"branch","line":30,"loc":{"start":{"line":30,"column":17},"end":{"line":38,"column":4}},"locations":[{"start":{"line":30,"column":17},"end":{"line":38,"column":4}}]},"1":{"type":"branch","line":31,"loc":{"start":{"line":31,"column":46},"end":{"line":37,"column":5}},"locations":[{"start":{"line":31,"column":46},"end":{"line":37,"column":5}}]},"2":{"type":"branch","line":45,"loc":{"start":{"line":45,"column":4},"end":{"line":47,"column":6}},"locations":[{"start":{"line":45,"column":4},"end":{"line":47,"column":6}}]},"3":{"type":"branch","line":48,"loc":{"start":{"line":48,"column":4},"end":{"line":50,"column":6}},"locations":[{"start":{"line":48,"column":4},"end":{"line":50,"column":6}}]},"4":{"type":"branch","line":51,"loc":{"start":{"line":51,"column":4},"end":{"line":55,"column":6}},"locations":[{"start":{"line":51,"column":4},"end":{"line":55,"column":6}}]},"5":{"type":"branch","line":53,"loc":{"start":{"line":53,"column":8},"end":{"line":53,"column":46}},"locations":[{"start":{"line":53,"column":8},"end":{"line":53,"column":46}}]},"6":{"type":"branch","line":56,"loc":{"start":{"line":56,"column":4},"end":{"line":71,"column":6}},"locations":[{"start":{"line":56,"column":4},"end":{"line":71,"column":6}}]},"7":{"type":"branch","line":62,"loc":{"start":{"line":62,"column":8},"end":{"line":65,"column":9}},"locations":[{"start":{"line":62,"column":8},"end":{"line":65,"column":9}}]},"8":{"type":"branch","line":66,"loc":{"start":{"line":66,"column":8},"end":{"line":69,"column":9}},"locations":[{"start":{"line":66,"column":8},"end":{"line":69,"column":9}}]}},"b":{"0":[1],"1":[9],"2":[1],"3":[1],"4":[1],"5":[4],"6":[1],"7":[0],"8":[0]},"fnMap":{"0":{"name":"extraReducers","decl":{"start":{"line":30,"column":17},"end":{"line":38,"column":4}},"loc":{"start":{"line":30,"column":17},"end":{"line":38,"column":4}},"line":30},"1":{"name":"setSearch","decl":{"start":{"line":45,"column":4},"end":{"line":47,"column":6}},"loc":{"start":{"line":45,"column":4},"end":{"line":47,"column":6}},"line":45},"2":{"name":"addSkill","decl":{"start":{"line":48,"column":4},"end":{"line":50,"column":6}},"loc":{"start":{"line":48,"column":4},"end":{"line":50,"column":6}},"line":48},"3":{"name":"dellSkill","decl":{"start":{"line":51,"column":4},"end":{"line":55,"column":6}},"loc":{"start":{"line":51,"column":4},"end":{"line":55,"column":6}},"line":51},"4":{"name":"setCity","decl":{"start":{"line":56,"column":4},"end":{"line":71,"column":6}},"loc":{"start":{"line":56,"column":4},"end":{"line":71,"column":6}},"line":56},"5":{"name":"setPage","decl":{"start":{"line":72,"column":4},"end":{"line":74,"column":6}},"loc":{"start":{"line":72,"column":4},"end":{"line":74,"column":6}},"line":72}},"f":{"0":1,"1":1,"2":1,"3":1,"4":1,"5":0}}
,"C:\\Users\\user\\Documents\\Kata\\react2\\jobs\\src\\reducer\\thunk.ts": {"path":"C:\\Users\\user\\Documents\\Kata\\react2\\jobs\\src\\reducer\\thunk.ts","all":false,"statementMap":{"0":{"start":{"line":1,"column":0},"end":{"line":1,"column":52}},"5":{"start":{"line":6,"column":0},"end":{"line":6,"column":56}},"9":{"start":{"line":10,"column":0},"end":{"line":10,"column":5}},"11":{"start":{"line":12,"column":0},"end":{"line":12,"column":50}},"14":{"start":{"line":15,"column":0},"end":{"line":15,"column":70}},"15":{"start":{"line":16,"column":0},"end":{"line":16,"column":7}},"16":{"start":{"line":17,"column":0},"end":{"line":17,"column":43}},"17":{"start":{"line":18,"column":0},"end":{"line":18,"column":15}},"18":{"start":{"line":19,"column":0},"end":{"line":19,"column":24}},"19":{"start":{"line":20,"column":0},"end":{"line":20,"column":42}},"20":{"start":{"line":21,"column":0},"end":{"line":21,"column":3}},"21":{"start":{"line":22,"column":0},"end":{"line":22,"column":3}}},"s":{"0":1,"5":1,"9":1,"11":1,"14":1,"15":9,"16":9,"17":9,"18":9,"19":0,"20":0,"21":9},"branchMap":{"0":{"type":"branch","line":15,"loc":{"start":{"line":15,"column":30},"end":{"line":22,"column":3}},"locations":[{"start":{"line":15,"column":30},"end":{"line":22,"column":3}}]},"1":{"type":"branch","line":19,"loc":{"start":{"line":19,"column":2},"end":{"line":21,"column":3}},"locations":[{"start":{"line":19,"column":2},"end":{"line":21,"column":3}}]}},"b":{"0":[9],"1":[0]},"fnMap":{},"f":{}}
,"C:\\Users\\user\\Documents\\Kata\\react2\\jobs\\src\\shared\\Icons\\IconLocation.tsx": {"path":"C:\\Users\\user\\Documents\\Kata\\react2\\jobs\\src\\shared\\Icons\\IconLocation.tsx","all":false,"statementMap":{"0":{"start":{"line":1,"column":0},"end":{"line":1,"column":35}},"1":{"start":{"line":2,"column":0},"end":{"line":2,"column":6}},"2":{"start":{"line":3,"column":0},"end":{"line":3,"column":14}},"3":{"start":{"line":4,"column":0},"end":{"line":4,"column":15}},"4":{"start":{"line":5,"column":0},"end":{"line":5,"column":23}},"5":{"start":{"line":6,"column":0},"end":{"line":6,"column":15}},"6":{"start":{"line":7,"column":0},"end":{"line":7,"column":39}},"7":{"start":{"line":8,"column":0},"end":{"line":8,"column":9}},"8":{"start":{"line":9,"column":0},"end":{"line":9,"column":219}},"9":{"start":{"line":10,"column":0},"end":{"line":10,"column":22}},"10":{"start":{"line":11,"column":0},"end":{"line":11,"column":25}},"11":{"start":{"line":12,"column":0},"end":{"line":12,"column":21}},"12":{"start":{"line":13,"column":0},"end":{"line":13,"column":27}},"13":{"start":{"line":14,"column":0},"end":{"line":14,"column":28}},"14":{"start":{"line":15,"column":0},"end":{"line":15,"column":6}},"15":{"start":{"line":16,"column":0},"end":{"line":16,"column":9}},"16":{"start":{"line":17,"column":0},"end":{"line":17,"column":534}},"17":{"start":{"line":18,"column":0},"end":{"line":18,"column":22}},"18":{"start":{"line":19,"column":0},"end":{"line":19,"column":25}},"19":{"start":{"line":20,"column":0},"end":{"line":20,"column":21}},"20":{"start":{"line":21,"column":0},"end":{"line":21,"column":27}},"21":{"start":{"line":22,"column":0},"end":{"line":22,"column":28}},"22":{"start":{"line":23,"column":0},"end":{"line":23,"column":6}},"23":{"start":{"line":24,"column":0},"end":{"line":24,"column":8}}},"s":{"0":1,"1":12,"2":12,"3":12,"4":12,"5":12,"6":12,"7":12,"8":12,"9":12,"10":12,"11":12,"12":12,"13":12,"14":12,"15":12,"16":12,"17":12,"18":12,"19":12,"20":12,"21":12,"22":12,"23":12},"branchMap":{"0":{"type":"branch","line":1,"loc":{"start":{"line":1,"column":28},"end":{"line":24,"column":8}},"locations":[{"start":{"line":1,"column":28},"end":{"line":24,"column":8}}]}},"b":{"0":[12]},"fnMap":{"0":{"name":"IconLocation","decl":{"start":{"line":1,"column":28},"end":{"line":24,"column":8}},"loc":{"start":{"line":1,"column":28},"end":{"line":24,"column":8}},"line":1}},"f":{"0":12}}
,"C:\\Users\\user\\Documents\\Kata\\react2\\jobs\\src\\shared\\Icons\\iconSearch.tsx": {"path":"C:\\Users\\user\\Documents\\Kata\\react2\\jobs\\src\\shared\\Icons\\iconSearch.tsx","all":false,"statementMap":{"0":{"start":{"line":1,"column":0},"end":{"line":1,"column":33}},"1":{"start":{"line":2,"column":0},"end":{"line":2,"column":6}},"2":{"start":{"line":3,"column":0},"end":{"line":3,"column":14}},"3":{"start":{"line":4,"column":0},"end":{"line":4,"column":15}},"4":{"start":{"line":5,"column":0},"end":{"line":5,"column":23}},"5":{"start":{"line":6,"column":0},"end":{"line":6,"column":15}},"6":{"start":{"line":7,"column":0},"end":{"line":7,"column":39}},"7":{"start":{"line":8,"column":0},"end":{"line":8,"column":9}},"8":{"start":{"line":9,"column":0},"end":{"line":9,"column":185}},"9":{"start":{"line":10,"column":0},"end":{"line":10,"column":22}},"10":{"start":{"line":11,"column":0},"end":{"line":11,"column":25}},"11":{"start":{"line":12,"column":0},"end":{"line":12,"column":21}},"12":{"start":{"line":13,"column":0},"end":{"line":13,"column":27}},"13":{"start":{"line":14,"column":0},"end":{"line":14,"column":28}},"14":{"start":{"line":15,"column":0},"end":{"line":15,"column":6}},"15":{"start":{"line":16,"column":0},"end":{"line":16,"column":8}}},"s":{"0":1,"1":12,"2":12,"3":12,"4":12,"5":12,"6":12,"7":12,"8":12,"9":12,"10":12,"11":12,"12":12,"13":12,"14":12,"15":12},"branchMap":{"0":{"type":"branch","line":1,"loc":{"start":{"line":1,"column":26},"end":{"line":16,"column":8}},"locations":[{"start":{"line":1,"column":26},"end":{"line":16,"column":8}}]}},"b":{"0":[12]},"fnMap":{"0":{"name":"IconSearch","decl":{"start":{"line":1,"column":26},"end":{"line":16,"column":8}},"loc":{"start":{"line":1,"column":26},"end":{"line":16,"column":8}},"line":1}},"f":{"0":12}}
,"C:\\Users\\user\\Documents\\Kata\\react2\\jobs\\src\\shared\\Icons\\index.ts": {"path":"C:\\Users\\user\\Documents\\Kata\\react2\\jobs\\src\\shared\\Icons\\index.ts","all":false,"statementMap":{"0":{"start":{"line":1,"column":0},"end":{"line":1,"column":42}}},"s":{"0":1},"branchMap":{},"b":{},"fnMap":{},"f":{}}
,"C:\\Users\\user\\Documents\\Kata\\react2\\jobs\\src\\test\\utils.tsx": {"path":"C:\\Users\\user\\Documents\\Kata\\react2\\jobs\\src\\test\\utils.tsx","all":false,"statementMap":{"0":{"start":{"line":1,"column":0},"end":{"line":1,"column":72}},"7":{"start":{"line":8,"column":0},"end":{"line":8,"column":57}},"8":{"start":{"line":9,"column":0},"end":{"line":9,"column":42}},"9":{"start":{"line":10,"column":0},"end":{"line":10,"column":57}},"10":{"start":{"line":11,"column":0},"end":{"line":11,"column":65}},"12":{"start":{"line":13,"column":0},"end":{"line":13,"column":15}},"13":{"start":{"line":14,"column":0},"end":{"line":14,"column":5}},"14":{"start":{"line":15,"column":0},"end":{"line":15,"column":1}},"15":{"start":{"line":16,"column":0},"end":{"line":16,"column":56}},"16":{"start":{"line":17,"column":0},"end":{"line":17,"column":32}},"17":{"start":{"line":18,"column":0},"end":{"line":18,"column":57}},"18":{"start":{"line":19,"column":0},"end":{"line":19,"column":51}},"20":{"start":{"line":21,"column":0},"end":{"line":21,"column":15}},"21":{"start":{"line":22,"column":0},"end":{"line":22,"column":5}},"22":{"start":{"line":23,"column":0},"end":{"line":23,"column":1}}},"s":{"0":1,"7":7,"8":7,"9":7,"10":0,"12":7,"13":7,"14":7,"15":1,"16":7,"17":7,"18":7,"20":7,"21":7,"22":7},"branchMap":{"0":{"type":"branch","line":8,"loc":{"start":{"line":8,"column":0},"end":{"line":15,"column":1}},"locations":[{"start":{"line":8,"column":0},"end":{"line":15,"column":1}}]},"1":{"type":"branch","line":16,"loc":{"start":{"line":16,"column":7},"end":{"line":23,"column":1}},"locations":[{"start":{"line":16,"column":7},"end":{"line":23,"column":1}}]},"2":{"type":"branch","line":18,"loc":{"start":{"line":18,"column":13},"end":{"line":19,"column":51}},"locations":[{"start":{"line":18,"column":13},"end":{"line":19,"column":51}}]}},"b":{"0":[7],"1":[7],"2":[7]},"fnMap":{"0":{"name":"renderWithMantine","decl":{"start":{"line":8,"column":0},"end":{"line":15,"column":1}},"loc":{"start":{"line":8,"column":0},"end":{"line":15,"column":1}},"line":8},"1":{"name":"wrapper","decl":{"start":{"line":10,"column":13},"end":{"line":11,"column":65}},"loc":{"start":{"line":10,"column":13},"end":{"line":11,"column":65}},"line":10},"2":{"name":"render","decl":{"start":{"line":16,"column":7},"end":{"line":23,"column":1}},"loc":{"start":{"line":16,"column":7},"end":{"line":23,"column":1}},"line":16},"3":{"name":"wrapper","decl":{"start":{"line":18,"column":13},"end":{"line":19,"column":51}},"loc":{"start":{"line":18,"column":13},"end":{"line":19,"column":51}},"line":18}},"f":{"0":7,"1":0,"2":7,"3":7}}
,"C:\\Users\\user\\Documents\\Kata\\react2\\jobs\\src\\test\\moks\\handlers.ts": {"path":"C:\\Users\\user\\Documents\\Kata\\react2\\jobs\\src\\test\\moks\\handlers.ts","all":false,"statementMap":{"0":{"start":{"line":1,"column":0},"end":{"line":1,"column":51}},"3":{"start":{"line":4,"column":0},"end":{"line":4,"column":56}},"4":{"start":{"line":5,"column":0},"end":{"line":5,"column":14}},"5":{"start":{"line":6,"column":0},"end":{"line":6,"column":19}},"6":{"start":{"line":7,"column":0},"end":{"line":7,"column":17}},"7":{"start":{"line":8,"column":0},"end":{"line":8,"column":44}},"8":{"start":{"line":9,"column":0},"end":{"line":9,"column":5}},"9":{"start":{"line":10,"column":0},"end":{"line":10,"column":11}},"10":{"start":{"line":11,"column":0},"end":{"line":11,"column":13}},"11":{"start":{"line":12,"column":0},"end":{"line":12,"column":36}},"12":{"start":{"line":13,"column":0},"end":{"line":13,"column":8}},"13":{"start":{"line":14,"column":0},"end":{"line":14,"column":15}},"14":{"start":{"line":15,"column":0},"end":{"line":15,"column":7}},"15":{"start":{"line":16,"column":0},"end":{"line":16,"column":3}},"16":{"start":{"line":17,"column":0},"end":{"line":17,"column":9}},"17":{"start":{"line":18,"column":0},"end":{"line":18,"column":12}},"18":{"start":{"line":19,"column":0},"end":{"line":19,"column":6}},"20":{"start":{"line":21,"column":0},"end":{"line":21,"column":50}},"21":{"start":{"line":22,"column":0},"end":{"line":22,"column":59}},"22":{"start":{"line":23,"column":0},"end":{"line":23,"column":28}},"23":{"start":{"line":24,"column":0},"end":{"line":24,"column":19}},"24":{"start":{"line":25,"column":0},"end":{"line":25,"column":53}},"25":{"start":{"line":26,"column":0},"end":{"line":26,"column":3}},"26":{"start":{"line":27,"column":0},"end":{"line":27,"column":13}},"27":{"start":{"line":28,"column":0},"end":{"line":28,"column":12}},"28":{"start":{"line":29,"column":0},"end":{"line":29,"column":17}},"29":{"start":{"line":30,"column":0},"end":{"line":30,"column":6}},"32":{"start":{"line":33,"column":0},"end":{"line":33,"column":15}},"33":{"start":{"line":34,"column":0},"end":{"line":34,"column":42}},"34":{"start":{"line":35,"column":0},"end":{"line":35,"column":72}},"35":{"start":{"line":36,"column":0},"end":{"line":36,"column":18}},"36":{"start":{"line":37,"column":0},"end":{"line":37,"column":5}},"37":{"start":{"line":38,"column":0},"end":{"line":38,"column":17}},"38":{"start":{"line":39,"column":0},"end":{"line":39,"column":3}},"39":{"start":{"line":40,"column":0},"end":{"line":40,"column":10}},"40":{"start":{"line":41,"column":0},"end":{"line":41,"column":1}},"41":{"start":{"line":42,"column":0},"end":{"line":42,"column":56}},"42":{"start":{"line":43,"column":0},"end":{"line":43,"column":14}},"43":{"start":{"line":44,"column":0},"end":{"line":44,"column":19}},"44":{"start":{"line":45,"column":0},"end":{"line":45,"column":17}},"45":{"start":{"line":46,"column":0},"end":{"line":46,"column":44}},"46":{"start":{"line":47,"column":0},"end":{"line":47,"column":5}},"47":{"start":{"line":48,"column":0},"end":{"line":48,"column":11}},"48":{"start":{"line":49,"column":0},"end":{"line":49,"column":13}},"49":{"start":{"line":50,"column":0},"end":{"line":50,"column":36}},"50":{"start":{"line":51,"column":0},"end":{"line":51,"column":8}},"51":{"start":{"line":52,"column":0},"end":{"line":52,"column":15}},"52":{"start":{"line":53,"column":0},"end":{"line":53,"column":7}},"53":{"start":{"line":54,"column":0},"end":{"line":54,"column":3}},"54":{"start":{"line":55,"column":0},"end":{"line":55,"column":9}},"55":{"start":{"line":56,"column":0},"end":{"line":56,"column":12}},"56":{"start":{"line":57,"column":0},"end":{"line":57,"column":6}},"58":{"start":{"line":59,"column":0},"end":{"line":59,"column":50}},"59":{"start":{"line":60,"column":0},"end":{"line":60,"column":59}},"60":{"start":{"line":61,"column":0},"end":{"line":61,"column":28}},"61":{"start":{"line":62,"column":0},"end":{"line":62,"column":19}},"62":{"start":{"line":63,"column":0},"end":{"line":63,"column":53}},"63":{"start":{"line":64,"column":0},"end":{"line":64,"column":3}},"64":{"start":{"line":65,"column":0},"end":{"line":65,"column":13}},"65":{"start":{"line":66,"column":0},"end":{"line":66,"column":12}},"66":{"start":{"line":67,"column":0},"end":{"line":67,"column":17}},"67":{"start":{"line":68,"column":0},"end":{"line":68,"column":6}},"70":{"start":{"line":71,"column":0},"end":{"line":71,"column":15}},"71":{"start":{"line":72,"column":0},"end":{"line":72,"column":42}},"72":{"start":{"line":73,"column":0},"end":{"line":73,"column":72}},"73":{"start":{"line":74,"column":0},"end":{"line":74,"column":18}},"74":{"start":{"line":75,"column":0},"end":{"line":75,"column":5}},"75":{"start":{"line":76,"column":0},"end":{"line":76,"column":17}},"76":{"start":{"line":77,"column":0},"end":{"line":77,"column":3}},"77":{"start":{"line":78,"column":0},"end":{"line":78,"column":10}},"78":{"start":{"line":79,"column":0},"end":{"line":79,"column":1}},"80":{"start":{"line":81,"column":0},"end":{"line":81,"column":61}},"81":{"start":{"line":82,"column":0},"end":{"line":82,"column":14}},"82":{"start":{"line":83,"column":0},"end":{"line":83,"column":19}},"83":{"start":{"line":84,"column":0},"end":{"line":84,"column":17}},"84":{"start":{"line":85,"column":0},"end":{"line":85,"column":44}},"85":{"start":{"line":86,"column":0},"end":{"line":86,"column":5}},"86":{"start":{"line":87,"column":0},"end":{"line":87,"column":11}},"87":{"start":{"line":88,"column":0},"end":{"line":88,"column":13}},"88":{"start":{"line":89,"column":0},"end":{"line":89,"column":36}},"89":{"start":{"line":90,"column":0},"end":{"line":90,"column":8}},"90":{"start":{"line":91,"column":0},"end":{"line":91,"column":15}},"91":{"start":{"line":92,"column":0},"end":{"line":92,"column":7}},"92":{"start":{"line":93,"column":0},"end":{"line":93,"column":3}},"93":{"start":{"line":94,"column":0},"end":{"line":94,"column":9}},"94":{"start":{"line":95,"column":0},"end":{"line":95,"column":12}},"95":{"start":{"line":96,"column":0},"end":{"line":96,"column":6}},"97":{"start":{"line":98,"column":0},"end":{"line":98,"column":50}},"98":{"start":{"line":99,"column":0},"end":{"line":99,"column":59}},"99":{"start":{"line":100,"column":0},"end":{"line":100,"column":28}},"100":{"start":{"line":101,"column":0},"end":{"line":101,"column":19}},"101":{"start":{"line":102,"column":0},"end":{"line":102,"column":53}},"102":{"start":{"line":103,"column":0},"end":{"line":103,"column":3}},"103":{"start":{"line":104,"column":0},"end":{"line":104,"column":13}},"104":{"start":{"line":105,"column":0},"end":{"line":105,"column":12}},"105":{"start":{"line":106,"column":0},"end":{"line":106,"column":17}},"106":{"start":{"line":107,"column":0},"end":{"line":107,"column":6}},"109":{"start":{"line":110,"column":0},"end":{"line":110,"column":15}},"110":{"start":{"line":111,"column":0},"end":{"line":111,"column":42}},"111":{"start":{"line":112,"column":0},"end":{"line":112,"column":50}},"112":{"start":{"line":113,"column":0},"end":{"line":113,"column":18}},"113":{"start":{"line":114,"column":0},"end":{"line":114,"column":5}},"114":{"start":{"line":115,"column":0},"end":{"line":115,"column":17}},"115":{"start":{"line":116,"column":0},"end":{"line":116,"column":3}},"116":{"start":{"line":117,"column":0},"end":{"line":117,"column":10}},"117":{"start":{"line":118,"column":0},"end":{"line":118,"column":1}},"119":{"start":{"line":120,"column":0},"end":{"line":120,"column":79}},"120":{"start":{"line":121,"column":0},"end":{"line":121,"column":42}},"121":{"start":{"line":122,"column":0},"end":{"line":122,"column":3}},"122":{"start":{"line":123,"column":0},"end":{"line":123,"column":79}},"123":{"start":{"line":124,"column":0},"end":{"line":124,"column":42}},"124":{"start":{"line":125,"column":0},"end":{"line":125,"column":3}},"126":{"start":{"line":127,"column":0},"end":{"line":127,"column":61}},"127":{"start":{"line":128,"column":0},"end":{"line":128,"column":8}},"128":{"start":{"line":129,"column":0},"end":{"line":129,"column":15}},"129":{"start":{"line":130,"column":0},"end":{"line":130,"column":9}},"130":{"start":{"line":131,"column":0},"end":{"line":131,"column":49}},"131":{"start":{"line":132,"column":0},"end":{"line":132,"column":3}},"132":{"start":{"line":133,"column":0},"end":{"line":133,"column":2}},"134":{"start":{"line":135,"column":0},"end":{"line":135,"column":72}}},"s":{"0":1,"3":1,"4":1,"5":1,"6":1,"7":1,"8":1,"9":1,"10":1,"11":1,"12":1,"13":1,"14":1,"15":1,"16":1,"17":9,"18":9,"20":9,"21":9,"22":9,"23":9,"24":9,"25":9,"26":1,"27":9,"28":9,"29":9,"32":9,"33":9,"34":9,"35":7,"36":7,"37":2,"38":9,"39":1,"40":1,"41":1,"42":1,"43":1,"44":1,"45":1,"46":1,"47":1,"48":1,"49":1,"50":1,"51":1,"52":1,"53":1,"54":1,"55":2,"56":2,"58":2,"59":2,"60":2,"61":2,"62":2,"63":2,"64":1,"65":2,"66":2,"67":2,"70":2,"71":2,"72":2,"73":1,"74":1,"75":1,"76":2,"77":1,"78":1,"80":1,"81":1,"82":1,"83":1,"84":1,"85":1,"86":1,"87":1,"88":1,"89":1,"90":1,"91":1,"92":1,"93":1,"94":1,"95":1,"97":1,"98":1,"99":1,"100":1,"101":1,"102":1,"103":1,"104":1,"105":1,"106":1,"109":1,"110":1,"111":1,"112":1,"113":1,"114":0,"115":1,"116":1,"117":1,"119":1,"120":7,"121":7,"122":1,"123":1,"124":1,"126":1,"127":1,"128":1,"129":1,"130":1,"131":1,"132":1,"134":1},"branchMap":{"0":{"type":"branch","line":5,"loc":{"start":{"line":5,"column":2},"end":{"line":16,"column":3}},"locations":[{"start":{"line":5,"column":2},"end":{"line":16,"column":3}}]},"1":{"type":"branch","line":17,"loc":{"start":{"line":17,"column":2},"end":{"line":26,"column":3}},"locations":[{"start":{"line":17,"column":2},"end":{"line":26,"column":3}}]},"2":{"type":"branch","line":27,"loc":{"start":{"line":27,"column":2},"end":{"line":39,"column":3}},"locations":[{"start":{"line":27,"column":2},"end":{"line":39,"column":3}}]},"3":{"type":"branch","line":35,"loc":{"start":{"line":35,"column":37},"end":{"line":35,"column":71}},"locations":[{"start":{"line":35,"column":37},"end":{"line":35,"column":71}}]},"4":{"type":"branch","line":35,"loc":{"start":{"line":35,"column":71},"end":{"line":37,"column":5}},"locations":[{"start":{"line":35,"column":71},"end":{"line":37,"column":5}}]},"5":{"type":"branch","line":37,"loc":{"start":{"line":37,"column":4},"end":{"line":38,"column":17}},"locations":[{"start":{"line":37,"column":4},"end":{"line":38,"column":17}}]},"6":{"type":"branch","line":43,"loc":{"start":{"line":43,"column":2},"end":{"line":54,"column":3}},"locations":[{"start":{"line":43,"column":2},"end":{"line":54,"column":3}}]},"7":{"type":"branch","line":55,"loc":{"start":{"line":55,"column":2},"end":{"line":64,"column":3}},"locations":[{"start":{"line":55,"column":2},"end":{"line":64,"column":3}}]},"8":{"type":"branch","line":65,"loc":{"start":{"line":65,"column":2},"end":{"line":77,"column":3}},"locations":[{"start":{"line":65,"column":2},"end":{"line":77,"column":3}}]},"9":{"type":"branch","line":73,"loc":{"start":{"line":73,"column":37},"end":{"line":73,"column":71}},"locations":[{"start":{"line":73,"column":37},"end":{"line":73,"column":71}}]},"10":{"type":"branch","line":73,"loc":{"start":{"line":73,"column":71},"end":{"line":76,"column":17}},"locations":[{"start":{"line":73,"column":71},"end":{"line":76,"column":17}}]},"11":{"type":"branch","line":82,"loc":{"start":{"line":82,"column":2},"end":{"line":93,"column":3}},"locations":[{"start":{"line":82,"column":2},"end":{"line":93,"column":3}}]},"12":{"type":"branch","line":94,"loc":{"start":{"line":94,"column":2},"end":{"line":103,"column":3}},"locations":[{"start":{"line":94,"column":2},"end":{"line":103,"column":3}}]},"13":{"type":"branch","line":104,"loc":{"start":{"line":104,"column":2},"end":{"line":116,"column":3}},"locations":[{"start":{"line":104,"column":2},"end":{"line":116,"column":3}}]},"14":{"type":"branch","line":114,"loc":{"start":{"line":114,"column":4},"end":{"line":115,"column":17}},"locations":[{"start":{"line":114,"column":4},"end":{"line":115,"column":17}}]},"15":{"type":"branch","line":120,"loc":{"start":{"line":120,"column":72},"end":{"line":122,"column":3}},"locations":[{"start":{"line":120,"column":72},"end":{"line":122,"column":3}}]},"16":{"type":"branch","line":123,"loc":{"start":{"line":123,"column":72},"end":{"line":125,"column":3}},"locations":[{"start":{"line":123,"column":72},"end":{"line":125,"column":3}}]},"17":{"type":"branch","line":130,"loc":{"start":{"line":130,"column":2},"end":{"line":132,"column":3}},"locations":[{"start":{"line":130,"column":2},"end":{"line":132,"column":3}}]}},"b":{"0":[1],"1":[9],"2":[9],"3":[8],"4":[7],"5":[2],"6":[1],"7":[2],"8":[2],"9":[1],"10":[1],"11":[1],"12":[1],"13":[1],"14":[0],"15":[7],"16":[1],"17":[1]},"fnMap":{"0":{"name":"CustomRequestHandlerPage1","decl":{"start":{"line":5,"column":2},"end":{"line":16,"column":3}},"loc":{"start":{"line":5,"column":2},"end":{"line":16,"column":3}},"line":5},"1":{"name":"parse","decl":{"start":{"line":17,"column":2},"end":{"line":26,"column":3}},"loc":{"start":{"line":17,"column":2},"end":{"line":26,"column":3}},"line":17},"2":{"name":"predicate","decl":{"start":{"line":27,"column":2},"end":{"line":39,"column":3}},"loc":{"start":{"line":27,"column":2},"end":{"line":39,"column":3}},"line":27},"3":{"name":"log","decl":{"start":{"line":40,"column":2},"end":{"line":40,"column":10}},"loc":{"start":{"line":40,"column":2},"end":{"line":40,"column":10}},"line":40},"4":{"name":"CustomRequestHandlerPage2","decl":{"start":{"line":43,"column":2},"end":{"line":54,"column":3}},"loc":{"start":{"line":43,"column":2},"end":{"line":54,"column":3}},"line":43},"5":{"name":"parse","decl":{"start":{"line":55,"column":2},"end":{"line":64,"column":3}},"loc":{"start":{"line":55,"column":2},"end":{"line":64,"column":3}},"line":55},"6":{"name":"predicate","decl":{"start":{"line":65,"column":2},"end":{"line":77,"column":3}},"loc":{"start":{"line":65,"column":2},"end":{"line":77,"column":3}},"line":65},"7":{"name":"log","decl":{"start":{"line":78,"column":2},"end":{"line":78,"column":10}},"loc":{"start":{"line":78,"column":2},"end":{"line":78,"column":10}},"line":78},"8":{"name":"CustomRequestHandlerSearchText","decl":{"start":{"line":82,"column":2},"end":{"line":93,"column":3}},"loc":{"start":{"line":82,"column":2},"end":{"line":93,"column":3}},"line":82},"9":{"name":"parse","decl":{"start":{"line":94,"column":2},"end":{"line":103,"column":3}},"loc":{"start":{"line":94,"column":2},"end":{"line":103,"column":3}},"line":94},"10":{"name":"predicate","decl":{"start":{"line":104,"column":2},"end":{"line":116,"column":3}},"loc":{"start":{"line":104,"column":2},"end":{"line":116,"column":3}},"line":104},"11":{"name":"log","decl":{"start":{"line":117,"column":2},"end":{"line":117,"column":10}},"loc":{"start":{"line":117,"column":2},"end":{"line":117,"column":10}},"line":117}},"f":{"0":1,"1":9,"2":9,"3":0,"4":1,"5":2,"6":2,"7":0,"8":1,"9":1,"10":1,"11":0}}
,"C:\\Users\\user\\Documents\\Kata\\react2\\jobs\\src\\test\\moks\\response.ts": {"path":"C:\\Users\\user\\Documents\\Kata\\react2\\jobs\\src\\test\\moks\\response.ts","all":false,"statementMap":{"2":{"start":{"line":3,"column":0},"end":{"line":3,"column":40}},"3":{"start":{"line":4,"column":0},"end":{"line":4,"column":10}},"4":{"start":{"line":5,"column":0},"end":{"line":5,"column":5}},"5":{"start":{"line":6,"column":0},"end":{"line":6,"column":14}},"6":{"start":{"line":7,"column":0},"end":{"line":7,"column":32}},"7":{"start":{"line":8,"column":0},"end":{"line":8,"column":31}},"8":{"start":{"line":9,"column":0},"end":{"line":9,"column":60}},"9":{"start":{"line":10,"column":0},"end":{"line":10,"column":53}},"10":{"start":{"line":11,"column":0},"end":{"line":11,"column":38}},"11":{"start":{"line":12,"column":0},"end":{"line":12,"column":39}},"12":{"start":{"line":13,"column":0},"end":{"line":13,"column":6}},"13":{"start":{"line":14,"column":0},"end":{"line":14,"column":5}},"14":{"start":{"line":15,"column":0},"end":{"line":15,"column":14}},"15":{"start":{"line":16,"column":0},"end":{"line":16,"column":29}},"16":{"start":{"line":17,"column":0},"end":{"line":17,"column":39}},"17":{"start":{"line":18,"column":0},"end":{"line":18,"column":58}},"18":{"start":{"line":19,"column":0},"end":{"line":19,"column":53}},"19":{"start":{"line":20,"column":0},"end":{"line":20,"column":38}},"20":{"start":{"line":21,"column":0},"end":{"line":21,"column":38}},"21":{"start":{"line":22,"column":0},"end":{"line":22,"column":6}},"22":{"start":{"line":23,"column":0},"end":{"line":23,"column":5}},"23":{"start":{"line":24,"column":0},"end":{"line":24,"column":14}},"24":{"start":{"line":25,"column":0},"end":{"line":25,"column":30}},"25":{"start":{"line":26,"column":0},"end":{"line":26,"column":30}},"26":{"start":{"line":27,"column":0},"end":{"line":27,"column":57}},"27":{"start":{"line":28,"column":0},"end":{"line":28,"column":53}},"28":{"start":{"line":29,"column":0},"end":{"line":29,"column":38}},"29":{"start":{"line":30,"column":0},"end":{"line":30,"column":40}},"30":{"start":{"line":31,"column":0},"end":{"line":31,"column":6}},"31":{"start":{"line":32,"column":0},"end":{"line":32,"column":5}},"32":{"start":{"line":33,"column":0},"end":{"line":33,"column":14}},"33":{"start":{"line":34,"column":0},"end":{"line":34,"column":26}},"34":{"start":{"line":35,"column":0},"end":{"line":35,"column":36}},"35":{"start":{"line":36,"column":0},"end":{"line":36,"column":59}},"36":{"start":{"line":37,"column":0},"end":{"line":37,"column":53}},"37":{"start":{"line":38,"column":0},"end":{"line":38,"column":38}},"38":{"start":{"line":39,"column":0},"end":{"line":39,"column":39}},"39":{"start":{"line":40,"column":0},"end":{"line":40,"column":6}},"40":{"start":{"line":41,"column":0},"end":{"line":41,"column":5}},"41":{"start":{"line":42,"column":0},"end":{"line":42,"column":14}},"42":{"start":{"line":43,"column":0},"end":{"line":43,"column":33}},"43":{"start":{"line":44,"column":0},"end":{"line":44,"column":38}},"44":{"start":{"line":45,"column":0},"end":{"line":45,"column":59}},"45":{"start":{"line":46,"column":0},"end":{"line":46,"column":53}},"46":{"start":{"line":47,"column":0},"end":{"line":47,"column":38}},"47":{"start":{"line":48,"column":0},"end":{"line":48,"column":40}},"48":{"start":{"line":49,"column":0},"end":{"line":49,"column":6}},"49":{"start":{"line":50,"column":0},"end":{"line":50,"column":5}},"50":{"start":{"line":51,"column":0},"end":{"line":51,"column":14}},"51":{"start":{"line":52,"column":0},"end":{"line":52,"column":32}},"52":{"start":{"line":53,"column":0},"end":{"line":53,"column":40}},"53":{"start":{"line":54,"column":0},"end":{"line":54,"column":59}},"54":{"start":{"line":55,"column":0},"end":{"line":55,"column":53}},"55":{"start":{"line":56,"column":0},"end":{"line":56,"column":38}},"56":{"start":{"line":57,"column":0},"end":{"line":57,"column":39}},"57":{"start":{"line":58,"column":0},"end":{"line":58,"column":6}},"58":{"start":{"line":59,"column":0},"end":{"line":59,"column":5}},"59":{"start":{"line":60,"column":0},"end":{"line":60,"column":14}},"60":{"start":{"line":61,"column":0},"end":{"line":61,"column":34}},"61":{"start":{"line":62,"column":0},"end":{"line":62,"column":38}},"62":{"start":{"line":63,"column":0},"end":{"line":63,"column":58}},"63":{"start":{"line":64,"column":0},"end":{"line":64,"column":53}},"64":{"start":{"line":65,"column":0},"end":{"line":65,"column":38}},"65":{"start":{"line":66,"column":0},"end":{"line":66,"column":38}},"66":{"start":{"line":67,"column":0},"end":{"line":67,"column":6}},"67":{"start":{"line":68,"column":0},"end":{"line":68,"column":5}},"68":{"start":{"line":69,"column":0},"end":{"line":69,"column":14}},"69":{"start":{"line":70,"column":0},"end":{"line":70,"column":29}},"70":{"start":{"line":71,"column":0},"end":{"line":71,"column":34}},"71":{"start":{"line":72,"column":0},"end":{"line":72,"column":58}},"72":{"start":{"line":73,"column":0},"end":{"line":73,"column":53}},"73":{"start":{"line":74,"column":0},"end":{"line":74,"column":38}},"74":{"start":{"line":75,"column":0},"end":{"line":75,"column":40}},"75":{"start":{"line":76,"column":0},"end":{"line":76,"column":6}},"76":{"start":{"line":77,"column":0},"end":{"line":77,"column":5}},"77":{"start":{"line":78,"column":0},"end":{"line":78,"column":14}},"78":{"start":{"line":79,"column":0},"end":{"line":79,"column":30}},"79":{"start":{"line":80,"column":0},"end":{"line":80,"column":31}},"80":{"start":{"line":81,"column":0},"end":{"line":81,"column":58}},"81":{"start":{"line":82,"column":0},"end":{"line":82,"column":53}},"82":{"start":{"line":83,"column":0},"end":{"line":83,"column":38}},"83":{"start":{"line":84,"column":0},"end":{"line":84,"column":38}},"84":{"start":{"line":85,"column":0},"end":{"line":85,"column":6}},"85":{"start":{"line":86,"column":0},"end":{"line":86,"column":5}},"86":{"start":{"line":87,"column":0},"end":{"line":87,"column":15}},"87":{"start":{"line":88,"column":0},"end":{"line":88,"column":31}},"88":{"start":{"line":89,"column":0},"end":{"line":89,"column":29}},"89":{"start":{"line":90,"column":0},"end":{"line":90,"column":58}},"90":{"start":{"line":91,"column":0},"end":{"line":91,"column":54}},"91":{"start":{"line":92,"column":0},"end":{"line":92,"column":38}},"92":{"start":{"line":93,"column":0},"end":{"line":93,"column":40}},"93":{"start":{"line":94,"column":0},"end":{"line":94,"column":6}},"94":{"start":{"line":95,"column":0},"end":{"line":95,"column":4}},"95":{"start":{"line":96,"column":0},"end":{"line":96,"column":11}},"96":{"start":{"line":97,"column":0},"end":{"line":97,"column":10}},"97":{"start":{"line":98,"column":0},"end":{"line":98,"column":2}},"98":{"start":{"line":99,"column":0},"end":{"line":99,"column":40}},"99":{"start":{"line":100,"column":0},"end":{"line":100,"column":10}},"100":{"start":{"line":101,"column":0},"end":{"line":101,"column":5}},"101":{"start":{"line":102,"column":0},"end":{"line":102,"column":15}},"102":{"start":{"line":103,"column":0},"end":{"line":103,"column":28}},"103":{"start":{"line":104,"column":0},"end":{"line":104,"column":36}},"104":{"start":{"line":105,"column":0},"end":{"line":105,"column":58}},"105":{"start":{"line":106,"column":0},"end":{"line":106,"column":54}},"106":{"start":{"line":107,"column":0},"end":{"line":107,"column":38}},"107":{"start":{"line":108,"column":0},"end":{"line":108,"column":39}},"108":{"start":{"line":109,"column":0},"end":{"line":109,"column":6}},"109":{"start":{"line":110,"column":0},"end":{"line":110,"column":5}},"110":{"start":{"line":111,"column":0},"end":{"line":111,"column":15}},"111":{"start":{"line":112,"column":0},"end":{"line":112,"column":36}},"112":{"start":{"line":113,"column":0},"end":{"line":113,"column":32}},"113":{"start":{"line":114,"column":0},"end":{"line":114,"column":58}},"114":{"start":{"line":115,"column":0},"end":{"line":115,"column":54}},"115":{"start":{"line":116,"column":0},"end":{"line":116,"column":38}},"116":{"start":{"line":117,"column":0},"end":{"line":117,"column":39}},"117":{"start":{"line":118,"column":0},"end":{"line":118,"column":6}},"118":{"start":{"line":119,"column":0},"end":{"line":119,"column":5}},"119":{"start":{"line":120,"column":0},"end":{"line":120,"column":15}},"120":{"start":{"line":121,"column":0},"end":{"line":121,"column":37}},"121":{"start":{"line":122,"column":0},"end":{"line":122,"column":36}},"122":{"start":{"line":123,"column":0},"end":{"line":123,"column":58}},"123":{"start":{"line":124,"column":0},"end":{"line":124,"column":54}},"124":{"start":{"line":125,"column":0},"end":{"line":125,"column":38}},"125":{"start":{"line":126,"column":0},"end":{"line":126,"column":38}},"126":{"start":{"line":127,"column":0},"end":{"line":127,"column":6}},"127":{"start":{"line":128,"column":0},"end":{"line":128,"column":5}},"128":{"start":{"line":129,"column":0},"end":{"line":129,"column":15}},"129":{"start":{"line":130,"column":0},"end":{"line":130,"column":39}},"130":{"start":{"line":131,"column":0},"end":{"line":131,"column":30}},"131":{"start":{"line":132,"column":0},"end":{"line":132,"column":58}},"132":{"start":{"line":133,"column":0},"end":{"line":133,"column":54}},"133":{"start":{"line":134,"column":0},"end":{"line":134,"column":38}},"134":{"start":{"line":135,"column":0},"end":{"line":135,"column":39}},"135":{"start":{"line":136,"column":0},"end":{"line":136,"column":6}},"136":{"start":{"line":137,"column":0},"end":{"line":137,"column":5}},"137":{"start":{"line":138,"column":0},"end":{"line":138,"column":15}},"138":{"start":{"line":139,"column":0},"end":{"line":139,"column":27}},"139":{"start":{"line":140,"column":0},"end":{"line":140,"column":35}},"140":{"start":{"line":141,"column":0},"end":{"line":141,"column":58}},"141":{"start":{"line":142,"column":0},"end":{"line":142,"column":54}},"142":{"start":{"line":143,"column":0},"end":{"line":143,"column":38}},"143":{"start":{"line":144,"column":0},"end":{"line":144,"column":40}},"144":{"start":{"line":145,"column":0},"end":{"line":145,"column":6}},"145":{"start":{"line":146,"column":0},"end":{"line":146,"column":5}},"146":{"start":{"line":147,"column":0},"end":{"line":147,"column":15}},"147":{"start":{"line":148,"column":0},"end":{"line":148,"column":35}},"148":{"start":{"line":149,"column":0},"end":{"line":149,"column":30}},"149":{"start":{"line":150,"column":0},"end":{"line":150,"column":57}},"150":{"start":{"line":151,"column":0},"end":{"line":151,"column":54}},"151":{"start":{"line":152,"column":0},"end":{"line":152,"column":38}},"152":{"start":{"line":153,"column":0},"end":{"line":153,"column":39}},"153":{"start":{"line":154,"column":0},"end":{"line":154,"column":6}},"154":{"start":{"line":155,"column":0},"end":{"line":155,"column":5}},"155":{"start":{"line":156,"column":0},"end":{"line":156,"column":15}},"156":{"start":{"line":157,"column":0},"end":{"line":157,"column":28}},"157":{"start":{"line":158,"column":0},"end":{"line":158,"column":32}},"158":{"start":{"line":159,"column":0},"end":{"line":159,"column":58}},"159":{"start":{"line":160,"column":0},"end":{"line":160,"column":54}},"160":{"start":{"line":161,"column":0},"end":{"line":161,"column":38}},"161":{"start":{"line":162,"column":0},"end":{"line":162,"column":39}},"162":{"start":{"line":163,"column":0},"end":{"line":163,"column":6}},"163":{"start":{"line":164,"column":0},"end":{"line":164,"column":5}},"164":{"start":{"line":165,"column":0},"end":{"line":165,"column":15}},"165":{"start":{"line":166,"column":0},"end":{"line":166,"column":25}},"166":{"start":{"line":167,"column":0},"end":{"line":167,"column":37}},"167":{"start":{"line":168,"column":0},"end":{"line":168,"column":58}},"168":{"start":{"line":169,"column":0},"end":{"line":169,"column":54}},"169":{"start":{"line":170,"column":0},"end":{"line":170,"column":38}},"170":{"start":{"line":171,"column":0},"end":{"line":171,"column":38}},"171":{"start":{"line":172,"column":0},"end":{"line":172,"column":6}},"172":{"start":{"line":173,"column":0},"end":{"line":173,"column":5}},"173":{"start":{"line":174,"column":0},"end":{"line":174,"column":15}},"174":{"start":{"line":175,"column":0},"end":{"line":175,"column":32}},"175":{"start":{"line":176,"column":0},"end":{"line":176,"column":33}},"176":{"start":{"line":177,"column":0},"end":{"line":177,"column":58}},"177":{"start":{"line":178,"column":0},"end":{"line":178,"column":54}},"178":{"start":{"line":179,"column":0},"end":{"line":179,"column":38}},"179":{"start":{"line":180,"column":0},"end":{"line":180,"column":39}},"180":{"start":{"line":181,"column":0},"end":{"line":181,"column":6}},"181":{"start":{"line":182,"column":0},"end":{"line":182,"column":5}},"182":{"start":{"line":183,"column":0},"end":{"line":183,"column":15}},"183":{"start":{"line":184,"column":0},"end":{"line":184,"column":32}},"184":{"start":{"line":185,"column":0},"end":{"line":185,"column":36}},"185":{"start":{"line":186,"column":0},"end":{"line":186,"column":58}},"186":{"start":{"line":187,"column":0},"end":{"line":187,"column":54}},"187":{"start":{"line":188,"column":0},"end":{"line":188,"column":38}},"188":{"start":{"line":189,"column":0},"end":{"line":189,"column":40}},"189":{"start":{"line":190,"column":0},"end":{"line":190,"column":6}},"190":{"start":{"line":191,"column":0},"end":{"line":191,"column":4}},"191":{"start":{"line":192,"column":0},"end":{"line":192,"column":11}},"192":{"start":{"line":193,"column":0},"end":{"line":193,"column":10}},"193":{"start":{"line":194,"column":0},"end":{"line":194,"column":2}},"195":{"start":{"line":196,"column":0},"end":{"line":196,"column":45}},"196":{"start":{"line":197,"column":0},"end":{"line":197,"column":10}},"197":{"start":{"line":198,"column":0},"end":{"line":198,"column":5}},"198":{"start":{"line":199,"column":0},"end":{"line":199,"column":14}},"199":{"start":{"line":200,"column":0},"end":{"line":200,"column":33}},"200":{"start":{"line":201,"column":0},"end":{"line":201,"column":31}},"201":{"start":{"line":202,"column":0},"end":{"line":202,"column":60}},"202":{"start":{"line":203,"column":0},"end":{"line":203,"column":53}},"203":{"start":{"line":204,"column":0},"end":{"line":204,"column":38}},"204":{"start":{"line":205,"column":0},"end":{"line":205,"column":39}},"205":{"start":{"line":206,"column":0},"end":{"line":206,"column":6}},"206":{"start":{"line":207,"column":0},"end":{"line":207,"column":4}},"207":{"start":{"line":208,"column":0},"end":{"line":208,"column":11}},"208":{"start":{"line":209,"column":0},"end":{"line":209,"column":10}},"209":{"start":{"line":210,"column":0},"end":{"line":210,"column":2}}},"s":{"2":1,"3":1,"4":1,"5":1,"6":1,"7":1,"8":1,"9":1,"10":1,"11":1,"12":1,"13":1,"14":1,"15":1,"16":1,"17":1,"18":1,"19":1,"20":1,"21":1,"22":1,"23":1,"24":1,"25":1,"26":1,"27":1,"28":1,"29":1,"30":1,"31":1,"32":1,"33":1,"34":1,"35":1,"36":1,"37":1,"38":1,"39":1,"40":1,"41":1,"42":1,"43":1,"44":1,"45":1,"46":1,"47":1,"48":1,"49":1,"50":1,"51":1,"52":1,"53":1,"54":1,"55":1,"56":1,"57":1,"58":1,"59":1,"60":1,"61":1,"62":1,"63":1,"64":1,"65":1,"66":1,"67":1,"68":1,"69":1,"70":1,"71":1,"72":1,"73":1,"74":1,"75":1,"76":1,"77":1,"78":1,"79":1,"80":1,"81":1,"82":1,"83":1,"84":1,"85":1,"86":1,"87":1,"88":1,"89":1,"90":1,"91":1,"92":1,"93":1,"94":1,"95":1,"96":1,"97":1,"98":1,"99":1,"100":1,"101":1,"102":1,"103":1,"104":1,"105":1,"106":1,"107":1,"108":1,"109":1,"110":1,"111":1,"112":1,"113":1,"114":1,"115":1,"116":1,"117":1,"118":1,"119":1,"120":1,"121":1,"122":1,"123":1,"124":1,"125":1,"126":1,"127":1,"128":1,"129":1,"130":1,"131":1,"132":1,"133":1,"134":1,"135":1,"136":1,"137":1,"138":1,"139":1,"140":1,"141":1,"142":1,"143":1,"144":1,"145":1,"146":1,"147":1,"148":1,"149":1,"150":1,"151":1,"152":1,"153":1,"154":1,"155":1,"156":1,"157":1,"158":1,"159":1,"160":1,"161":1,"162":1,"163":1,"164":1,"165":1,"166":1,"167":1,"168":1,"169":1,"170":1,"171":1,"172":1,"173":1,"174":1,"175":1,"176":1,"177":1,"178":1,"179":1,"180":1,"181":1,"182":1,"183":1,"184":1,"185":1,"186":1,"187":1,"188":1,"189":1,"190":1,"191":1,"192":1,"193":1,"195":1,"196":1,"197":1,"198":1,"199":1,"200":1,"201":1,"202":1,"203":1,"204":1,"205":1,"206":1,"207":1,"208":1,"209":1},"branchMap":{},"b":{},"fnMap":{},"f":{}}
,"C:\\Users\\user\\Documents\\Kata\\react2\\jobs\\src\\test\\moks\\server.js": {"path":"C:\\Users\\user\\Documents\\Kata\\react2\\jobs\\src\\test\\moks\\server.js","all":false,"statementMap":{"0":{"start":{"line":1,"column":0},"end":{"line":1,"column":67}},"1":{"start":{"line":2,"column":0},"end":{"line":2,"column":54}},"2":{"start":{"line":3,"column":0},"end":{"line":3,"column":0}},"3":{"start":{"line":4,"column":0},"end":{"line":4,"column":47}}},"s":{"0":1,"1":1,"2":1,"3":1},"branchMap":{},"b":{},"fnMap":{},"f":{}}
,"C:\\Users\\user\\Documents\\Kata\\react2\\jobs\\src\\theme\\constTheme.ts": {"path":"C:\\Users\\user\\Documents\\Kata\\react2\\jobs\\src\\theme\\constTheme.ts","all":false,"statementMap":{"2":{"start":{"line":3,"column":0},"end":{"line":3,"column":45}},"3":{"start":{"line":4,"column":0},"end":{"line":4,"column":12}},"4":{"start":{"line":5,"column":0},"end":{"line":5,"column":12}},"5":{"start":{"line":6,"column":0},"end":{"line":6,"column":12}},"6":{"start":{"line":7,"column":0},"end":{"line":7,"column":12}},"7":{"start":{"line":8,"column":0},"end":{"line":8,"column":12}},"8":{"start":{"line":9,"column":0},"end":{"line":9,"column":12}},"9":{"start":{"line":10,"column":0},"end":{"line":10,"column":12}},"10":{"start":{"line":11,"column":0},"end":{"line":11,"column":12}},"11":{"start":{"line":12,"column":0},"end":{"line":12,"column":12}},"12":{"start":{"line":13,"column":0},"end":{"line":13,"column":12}},"13":{"start":{"line":14,"column":0},"end":{"line":14,"column":2}},"15":{"start":{"line":16,"column":0},"end":{"line":16,"column":43}},"16":{"start":{"line":17,"column":0},"end":{"line":17,"column":23}},"17":{"start":{"line":18,"column":0},"end":{"line":18,"column":23}},"18":{"start":{"line":19,"column":0},"end":{"line":19,"column":23}},"19":{"start":{"line":20,"column":0},"end":{"line":20,"column":23}},"20":{"start":{"line":21,"column":0},"end":{"line":21,"column":21}},"21":{"start":{"line":22,"column":0},"end":{"line":22,"column":21}},"22":{"start":{"line":23,"column":0},"end":{"line":23,"column":21}},"23":{"start":{"line":24,"column":0},"end":{"line":24,"column":21}},"24":{"start":{"line":25,"column":0},"end":{"line":25,"column":21}},"25":{"start":{"line":26,"column":0},"end":{"line":26,"column":21}},"26":{"start":{"line":27,"column":0},"end":{"line":27,"column":2}}},"s":{"2":1,"3":1,"4":1,"5":1,"6":1,"7":1,"8":1,"9":1,"10":1,"11":1,"12":1,"13":1,"15":1,"16":1,"17":1,"18":1,"19":1,"20":1,"21":1,"22":1,"23":1,"24":1,"25":1,"26":1},"branchMap":{},"b":{},"fnMap":{},"f":{}}
,"C:\\Users\\user\\Documents\\Kata\\react2\\jobs\\src\\theme\\index.ts": {"path":"C:\\Users\\user\\Documents\\Kata\\react2\\jobs\\src\\theme\\index.ts","all":false,"statementMap":{"0":{"start":{"line":1,"column":0},"end":{"line":1,"column":62}},"3":{"start":{"line":4,"column":0},"end":{"line":4,"column":34}},"4":{"start":{"line":5,"column":0},"end":{"line":5,"column":39}},"5":{"start":{"line":6,"column":0},"end":{"line":6,"column":14}},"6":{"start":{"line":7,"column":0},"end":{"line":7,"column":15}},"7":{"start":{"line":8,"column":0},"end":{"line":8,"column":16}},"8":{"start":{"line":9,"column":0},"end":{"line":9,"column":16}},"9":{"start":{"line":10,"column":0},"end":{"line":10,"column":16}},"10":{"start":{"line":11,"column":0},"end":{"line":11,"column":4}},"11":{"start":{"line":12,"column":0},"end":{"line":12,"column":16}},"12":{"start":{"line":13,"column":0},"end":{"line":13,"column":15}},"13":{"start":{"line":14,"column":0},"end":{"line":14,"column":4}},"14":{"start":{"line":15,"column":0},"end":{"line":15,"column":13}},"15":{"start":{"line":16,"column":0},"end":{"line":16,"column":12}},"16":{"start":{"line":17,"column":0},"end":{"line":17,"column":11}},"17":{"start":{"line":18,"column":0},"end":{"line":18,"column":26}},"18":{"start":{"line":19,"column":0},"end":{"line":19,"column":26}},"19":{"start":{"line":20,"column":0},"end":{"line":20,"column":27}},"20":{"start":{"line":21,"column":0},"end":{"line":21,"column":8}},"21":{"start":{"line":22,"column":0},"end":{"line":22,"column":11}},"22":{"start":{"line":23,"column":0},"end":{"line":23,"column":26}},"23":{"start":{"line":24,"column":0},"end":{"line":24,"column":26}},"24":{"start":{"line":25,"column":0},"end":{"line":25,"column":8}},"25":{"start":{"line":26,"column":0},"end":{"line":26,"column":6}},"26":{"start":{"line":27,"column":0},"end":{"line":27,"column":4}},"27":{"start":{"line":28,"column":0},"end":{"line":28,"column":11}},"28":{"start":{"line":29,"column":0},"end":{"line":29,"column":13}},"29":{"start":{"line":30,"column":0},"end":{"line":30,"column":11}},"30":{"start":{"line":31,"column":0},"end":{"line":31,"column":36}},"31":{"start":{"line":32,"column":0},"end":{"line":32,"column":46}},"32":{"start":{"line":33,"column":0},"end":{"line":33,"column":36}},"33":{"start":{"line":34,"column":0},"end":{"line":34,"column":4}},"34":{"start":{"line":35,"column":0},"end":{"line":35,"column":3}}},"s":{"0":1,"3":1,"4":1,"5":1,"6":1,"7":1,"8":1,"9":1,"10":1,"11":1,"12":1,"13":1,"14":1,"15":1,"16":1,"17":1,"18":1,"19":1,"20":1,"21":1,"22":1,"23":1,"24":1,"25":1,"26":1,"27":1,"28":1,"29":1,"30":1,"31":1,"32":1,"33":1,"34":1},"branchMap":{},"b":{},"fnMap":{},"f":{}}
,"C:\\Users\\user\\Documents\\Kata\\react2\\jobs\\src\\utils\\formatSalary.ts": {"path":"C:\\Users\\user\\Documents\\Kata\\react2\\jobs\\src\\utils\\formatSalary.ts","all":false,"statementMap":{"2":{"start":{"line":3,"column":0},"end":{"line":3,"column":49}},"3":{"start":{"line":4,"column":0},"end":{"line":4,"column":40}},"4":{"start":{"line":5,"column":0},"end":{"line":5,"column":19}},"5":{"start":{"line":6,"column":0},"end":{"line":6,"column":41}},"6":{"start":{"line":7,"column":0},"end":{"line":7,"column":3}},"7":{"start":{"line":8,"column":0},"end":{"line":8,"column":28}},"8":{"start":{"line":9,"column":0},"end":{"line":9,"column":31}},"9":{"start":{"line":10,"column":0},"end":{"line":10,"column":3}},"10":{"start":{"line":11,"column":0},"end":{"line":11,"column":31}},"11":{"start":{"line":12,"column":0},"end":{"line":12,"column":2}}},"s":{"2":1,"3":162,"4":162,"5":134,"6":134,"7":162,"8":14,"9":14,"10":14,"11":14},"branchMap":{"0":{"type":"branch","line":3,"loc":{"start":{"line":3,"column":28},"end":{"line":12,"column":2}},"locations":[{"start":{"line":3,"column":28},"end":{"line":12,"column":2}}]},"1":{"type":"branch","line":5,"loc":{"start":{"line":5,"column":6},"end":{"line":5,"column":18}},"locations":[{"start":{"line":5,"column":6},"end":{"line":5,"column":18}}]},"2":{"type":"branch","line":5,"loc":{"start":{"line":5,"column":18},"end":{"line":7,"column":3}},"locations":[{"start":{"line":5,"column":18},"end":{"line":7,"column":3}}]},"3":{"type":"branch","line":7,"loc":{"start":{"line":7,"column":2},"end":{"line":8,"column":23}},"locations":[{"start":{"line":7,"column":2},"end":{"line":8,"column":23}}]},"4":{"type":"branch","line":8,"loc":{"start":{"line":8,"column":15},"end":{"line":8,"column":27}},"locations":[{"start":{"line":8,"column":15},"end":{"line":8,"column":27}}]},"5":{"type":"branch","line":8,"loc":{"start":{"line":8,"column":27},"end":{"line":12,"column":2}},"locations":[{"start":{"line":8,"column":27},"end":{"line":12,"column":2}}]}},"b":{"0":[162],"1":[148],"2":[134],"3":[28],"4":[14],"5":[14]},"fnMap":{"0":{"name":"formatSalary","decl":{"start":{"line":3,"column":28},"end":{"line":12,"column":2}},"loc":{"start":{"line":3,"column":28},"end":{"line":12,"column":2}},"line":3}},"f":{"0":162}}
}
